Run experiment in sequential setting..
Namespace(architecture='ring', beta_supp=0.5, bz_test=32, bz_train=32, decay='sqrt', device='cuda', experiment='driving_udacity', fit_by_epoch=False, local_steps=1, log_freq=100, lr=0.001, model='FadNet', n_rounds=3300, network_name='gaia', num_workers=11, optimizer='adam', random_ring_proba=0.5, save_logg_path='', test=False)
>>>>>>>>>> start time: Mon Nov 18 01:47:34 2024
- Loading: > driving_udacity < dataset from: data/driving_udacity/gaia/train/train.npz
Loading processed data from data/driving_udacity/gaia/train/train.npz...
Images:  (30866, 1, 200, 200)
Ground truths:  (30866,)
Done!
- Loading: > driving_udacity < dataset from: data/driving_udacity/gaia/test/test.npz
Loading processed data from data/driving_udacity/gaia/test/test.npz...
Images:  (7720, 1, 200, 200)
Ground truths:  (7720,)
Done!
>>>>>>>>>> Loading worker-datasets
	 + Loading: > driving_udacity < dataset from: data/driving_udacity/gaia/train/0.npz
Loading processed data from data/driving_udacity/gaia/train/0.npz...
Images:  (2111, 1, 200, 200)
Ground truths:  (2111,)
Done!
	 + Loading: > driving_udacity < dataset from: data/driving_udacity/gaia/train/1.npz
Loading processed data from data/driving_udacity/gaia/train/1.npz...
Images:  (2112, 1, 200, 200)
Ground truths:  (2112,)
Done!
	 + Loading: > driving_udacity < dataset from: data/driving_udacity/gaia/train/2.npz
Loading processed data from data/driving_udacity/gaia/train/2.npz...
Images:  (3120, 1, 200, 200)
Ground truths:  (3120,)
Done!
	 + Loading: > driving_udacity < dataset from: data/driving_udacity/gaia/train/3.npz
Loading processed data from data/driving_udacity/gaia/train/3.npz...
Images:  (3159, 1, 200, 200)
Ground truths:  (3159,)
Done!
	 + Loading: > driving_udacity < dataset from: data/driving_udacity/gaia/train/4.npz
Loading processed data from data/driving_udacity/gaia/train/4.npz...
Images:  (3159, 1, 200, 200)
Ground truths:  (3159,)
Done!
	 + Loading: > driving_udacity < dataset from: data/driving_udacity/gaia/train/5.npz
Loading processed data from data/driving_udacity/gaia/train/5.npz...
Images:  (3159, 1, 200, 200)
Ground truths:  (3159,)
Done!
	 + Loading: > driving_udacity < dataset from: data/driving_udacity/gaia/train/6.npz
Loading processed data from data/driving_udacity/gaia/train/6.npz...
Images:  (3159, 1, 200, 200)
Ground truths:  (3159,)
Done!
	 + Loading: > driving_udacity < dataset from: data/driving_udacity/gaia/train/7.npz
Loading processed data from data/driving_udacity/gaia/train/7.npz...
Images:  (2960, 1, 200, 200)
Ground truths:  (2960,)
Done!
	 + Loading: > driving_udacity < dataset from: data/driving_udacity/gaia/train/8.npz
Loading processed data from data/driving_udacity/gaia/train/8.npz...
Images:  (2960, 1, 200, 200)
Ground truths:  (2960,)
Done!
	 + Loading: > driving_udacity < dataset from: data/driving_udacity/gaia/train/9.npz
Loading processed data from data/driving_udacity/gaia/train/9.npz...
Images:  (1579, 1, 200, 200)
Ground truths:  (1579,)
Done!
	 + Loading: > driving_udacity < dataset from: data/driving_udacity/gaia/train/10.npz
Loading processed data from data/driving_udacity/gaia/train/10.npz...
Images:  (3388, 1, 200, 200)
Ground truths:  (3388,)
Done!
>>>>>>>>>> Network Architecture
FadNet(
  (conv1): Conv2d(1, 32, kernel_size=(5, 5), stride=(2, 2))
  (max_pool1): MaxPool2d(kernel_size=(3, 3), stride=2, padding=0, dilation=1, ceil_mode=False)
  (res_block1): Sequential(
    (batch_norm): BatchNorm2d(32, eps=1e-05, momentum=0.1, affine=True, track_running_stats=True)
    (relu): ReLU()
    (conv2d): Conv2d(32, 32, kernel_size=(3, 3), stride=(2, 2))
    (batch_norm_1): BatchNorm2d(32, eps=1e-05, momentum=0.1, affine=True, track_running_stats=True)
    (relu_1): ReLU()
    (conv2d_2): Conv2d(32, 32, kernel_size=(3, 3), stride=(1, 1))
  )
  (conv2): Conv2d(32, 256, kernel_size=(1, 1), stride=(7, 7))
  (res_block2): Sequential(
    (batch_norm): BatchNorm2d(32, eps=1e-05, momentum=0.1, affine=True, track_running_stats=True)
    (relu): ReLU()
    (conv2d): Conv2d(32, 64, kernel_size=(3, 3), stride=(2, 2))
    (batch_norm_1): BatchNorm2d(64, eps=1e-05, momentum=0.1, affine=True, track_running_stats=True)
    (relu_1): ReLU()
    (conv2d_2): Conv2d(64, 64, kernel_size=(3, 3), stride=(1, 1))
  )
  (conv3): Conv2d(32, 256, kernel_size=(1, 1), stride=(4, 4))
  (res_block3): Sequential(
    (batch_norm): BatchNorm2d(64, eps=1e-05, momentum=0.1, affine=True, track_running_stats=True)
    (relu): ReLU()
    (conv2d): Conv2d(64, 128, kernel_size=(3, 3), stride=(2, 2))
    (batch_norm_1): BatchNorm2d(128, eps=1e-05, momentum=0.1, affine=True, track_running_stats=True)
    (relu_1): ReLU()
    (conv2d_2): Conv2d(128, 128, kernel_size=(3, 3), stride=(1, 1))
  )
  (conv4): Conv2d(64, 256, kernel_size=(1, 1), stride=(2, 2))
  (dropout): Dropout2d(p=0.5, inplace=False)
  (relu): ReLU()
  (fc_feature): Linear(in_features=3, out_features=1, bias=True)
  (fc): Linear(in_features=6272, out_features=1, bias=True)
)
nParams=	336709
>>>>>>>>>> Evaluating
	 - train set
	 - test set
	 Round: 0 |Train Loss: 0.38826 |Train RMSE: 0.61451 |Eval-train Time: 6.185
	 -----: 0 |Test  Loss: 0.39324 |Test  RMSE: 0.56244 |Eval-test  Time: 0.994
	 -----: Time: 15.765
	 -----: Total Time: 15.765
Round: 0 |Train Time: 0.352
Round: 100 |Train Time: 43.403
>>>>>>>>>> Evaluating
	 - train set
	 - test set
	 Round: 101 |Train Loss: 0.06970 |Train RMSE: 0.25276 |Eval-train Time: 4.986
	 -----: 101 |Test  Loss: 0.07221 |Test  RMSE: 0.19064 |Eval-test  Time: 1.269
	 -----: Time: 50.275
	 -----: Total Time: 66.040
Round: 200 |Train Time: 110.285
>>>>>>>>>> Evaluating
	 - train set
	 - test set
	 Round: 201 |Train Loss: 0.06939 |Train RMSE: 0.25192 |Eval-train Time: 52.630
	 -----: 201 |Test  Loss: 0.07191 |Test  RMSE: 0.18982 |Eval-test  Time: 12.122
	 -----: Time: 169.813
	 -----: Total Time: 235.853
Round: 300 |Train Time: 199.299
>>>>>>>>>> Evaluating
	 - train set
	 - test set
	 Round: 301 |Train Loss: 0.06938 |Train RMSE: 0.25155 |Eval-train Time: 75.542
	 -----: 301 |Test  Loss: 0.07192 |Test  RMSE: 0.18998 |Eval-test  Time: 7.507
	 -----: Time: 218.345
	 -----: Total Time: 454.198
Round: 400 |Train Time: 158.926
>>>>>>>>>> Evaluating
	 - train set
	 - test set
	 Round: 401 |Train Loss: 0.06936 |Train RMSE: 0.25176 |Eval-train Time: 44.925
	 -----: 401 |Test  Loss: 0.07189 |Test  RMSE: 0.18973 |Eval-test  Time: 11.506
	 -----: Time: 130.817
	 -----: Total Time: 585.015
Round: 500 |Train Time: 159.951
>>>>>>>>>> Evaluating
	 - train set
	 - test set
	 Round: 501 |Train Loss: 0.06919 |Train RMSE: 0.25110 |Eval-train Time: 40.166
	 -----: 501 |Test  Loss: 0.07173 |Test  RMSE: 0.18963 |Eval-test  Time: 14.465
	 -----: Time: 158.077
	 -----: Total Time: 743.092
Round: 600 |Train Time: 171.494
>>>>>>>>>> Evaluating
	 - train set
	 - test set
	 Round: 601 |Train Loss: 0.06855 |Train RMSE: 0.25021 |Eval-train Time: 33.385
	 -----: 601 |Test  Loss: 0.07108 |Test  RMSE: 0.18848 |Eval-test  Time: 9.879
	 -----: Time: 160.569
	 -----: Total Time: 903.661
Round: 700 |Train Time: 157.202
>>>>>>>>>> Evaluating
	 - train set
	 - test set
	 Round: 701 |Train Loss: 0.06894 |Train RMSE: 0.25101 |Eval-train Time: 27.824
	 -----: 701 |Test  Loss: 0.07146 |Test  RMSE: 0.18960 |Eval-test  Time: 6.879
	 -----: Time: 149.010
	 -----: Total Time: 1052.671
Round: 800 |Train Time: 144.288
>>>>>>>>>> Evaluating
	 - train set
	 - test set
	 Round: 801 |Train Loss: 0.06896 |Train RMSE: 0.25081 |Eval-train Time: 33.171
	 -----: 801 |Test  Loss: 0.07140 |Test  RMSE: 0.18955 |Eval-test  Time: 7.110
	 -----: Time: 149.548
	 -----: Total Time: 1202.219
Round: 900 |Train Time: 159.041
>>>>>>>>>> Evaluating
	 - train set
	 - test set
	 Round: 901 |Train Loss: 0.06929 |Train RMSE: 0.25126 |Eval-train Time: 36.801
	 -----: 901 |Test  Loss: 0.07179 |Test  RMSE: 0.19000 |Eval-test  Time: 7.268
	 -----: Time: 162.833
	 -----: Total Time: 1365.051
Round: 1000 |Train Time: 164.461
>>>>>>>>>> Evaluating
	 - train set
	 - test set
	 Round: 1001 |Train Loss: 0.06941 |Train RMSE: 0.25221 |Eval-train Time: 27.126
	 -----: 1001 |Test  Loss: 0.07195 |Test  RMSE: 0.19040 |Eval-test  Time: 7.234
	 -----: Time: 154.276
	 -----: Total Time: 1519.327
Round: 1100 |Train Time: 140.663
>>>>>>>>>> Evaluating
	 - train set
	 - test set
	 Round: 1101 |Train Loss: 0.06950 |Train RMSE: 0.25236 |Eval-train Time: 31.529
	 -----: 1101 |Test  Loss: 0.07204 |Test  RMSE: 0.19059 |Eval-test  Time: 9.652
	 -----: Time: 147.796
	 -----: Total Time: 1667.123
Round: 1200 |Train Time: 167.491
>>>>>>>>>> Evaluating
	 - train set
	 - test set
	 Round: 1201 |Train Loss: 0.06942 |Train RMSE: 0.25122 |Eval-train Time: 34.730
	 -----: 1201 |Test  Loss: 0.07194 |Test  RMSE: 0.18990 |Eval-test  Time: 8.835
	 -----: Time: 169.533
	 -----: Total Time: 1836.657
Round: 1300 |Train Time: 168.059
>>>>>>>>>> Evaluating
	 - train set
	 - test set
	 Round: 1301 |Train Loss: 0.06965 |Train RMSE: 0.25204 |Eval-train Time: 31.265
	 -----: 1301 |Test  Loss: 0.07212 |Test  RMSE: 0.19098 |Eval-test  Time: 8.072
	 -----: Time: 163.877
	 -----: Total Time: 2000.534
Round: 1400 |Train Time: 136.708
>>>>>>>>>> Evaluating
	 - train set
	 - test set
	 Round: 1401 |Train Loss: 0.06963 |Train RMSE: 0.25257 |Eval-train Time: 40.653
	 -----: 1401 |Test  Loss: 0.07213 |Test  RMSE: 0.19035 |Eval-test  Time: 6.982
	 -----: Time: 146.338
	 -----: Total Time: 2146.872
Round: 1500 |Train Time: 151.159
>>>>>>>>>> Evaluating
	 - train set
	 - test set
	 Round: 1501 |Train Loss: 0.06973 |Train RMSE: 0.25270 |Eval-train Time: 69.772
	 -----: 1501 |Test  Loss: 0.07220 |Test  RMSE: 0.19144 |Eval-test  Time: 10.231
	 -----: Time: 183.387
	 -----: Total Time: 2330.258
Round: 1600 |Train Time: 167.709
>>>>>>>>>> Evaluating
	 - train set
	 - test set
	 Round: 1601 |Train Loss: 0.06956 |Train RMSE: 0.25172 |Eval-train Time: 52.526
	 -----: 1601 |Test  Loss: 0.07206 |Test  RMSE: 0.19038 |Eval-test  Time: 16.473
	 -----: Time: 156.045
	 -----: Total Time: 2486.303
Round: 1700 |Train Time: 165.118
>>>>>>>>>> Evaluating
	 - train set
	 - test set
	 Round: 1701 |Train Loss: 0.06957 |Train RMSE: 0.25222 |Eval-train Time: 25.940
	 -----: 1701 |Test  Loss: 0.07205 |Test  RMSE: 0.19036 |Eval-test  Time: 8.977
	 -----: Time: 130.671
	 -----: Total Time: 2616.974
Round: 1800 |Train Time: 154.417
>>>>>>>>>> Evaluating
	 - train set
	 - test set
	 Round: 1801 |Train Loss: 0.06996 |Train RMSE: 0.25264 |Eval-train Time: 35.092
	 -----: 1801 |Test  Loss: 0.07253 |Test  RMSE: 0.19120 |Eval-test  Time: 11.325
	 -----: Time: 165.706
	 -----: Total Time: 2782.680
Round: 1900 |Train Time: 173.538
>>>>>>>>>> Evaluating
	 - train set
	 - test set
	 Round: 1901 |Train Loss: 0.06942 |Train RMSE: 0.25151 |Eval-train Time: 35.137
	 -----: 1901 |Test  Loss: 0.07197 |Test  RMSE: 0.18973 |Eval-test  Time: 9.038
	 -----: Time: 171.691
	 -----: Total Time: 2954.371
Round: 2000 |Train Time: 159.495
>>>>>>>>>> Evaluating
	 - train set
	 - test set
	 Round: 2001 |Train Loss: 0.06922 |Train RMSE: 0.25211 |Eval-train Time: 27.358
	 -----: 2001 |Test  Loss: 0.07177 |Test  RMSE: 0.18954 |Eval-test  Time: 4.805
	 -----: Time: 147.059
	 -----: Total Time: 3101.430
Round: 2100 |Train Time: 138.641
>>>>>>>>>> Evaluating
	 - train set
	 - test set
	 Round: 2101 |Train Loss: 0.06950 |Train RMSE: 0.25201 |Eval-train Time: 39.069
	 -----: 2101 |Test  Loss: 0.07204 |Test  RMSE: 0.18971 |Eval-test  Time: 4.536
	 -----: Time: 150.618
	 -----: Total Time: 3252.048
Round: 2200 |Train Time: 164.518
>>>>>>>>>> Evaluating
	 - train set
	 - test set
	 Round: 2201 |Train Loss: 0.06941 |Train RMSE: 0.25201 |Eval-train Time: 35.052
	 -----: 2201 |Test  Loss: 0.07196 |Test  RMSE: 0.18991 |Eval-test  Time: 9.202
	 -----: Time: 164.677
	 -----: Total Time: 3416.725
Round: 2300 |Train Time: 165.257
>>>>>>>>>> Evaluating
	 - train set
	 - test set
	 Round: 2301 |Train Loss: 0.06942 |Train RMSE: 0.25144 |Eval-train Time: 33.566
	 -----: 2301 |Test  Loss: 0.07197 |Test  RMSE: 0.19012 |Eval-test  Time: 8.500
	 -----: Time: 164.291
	 -----: Total Time: 3581.016
Round: 2400 |Train Time: 144.994
>>>>>>>>>> Evaluating
	 - train set
	 - test set
	 Round: 2401 |Train Loss: 0.06977 |Train RMSE: 0.25213 |Eval-train Time: 34.124
	 -----: 2401 |Test  Loss: 0.07235 |Test  RMSE: 0.19104 |Eval-test  Time: 9.933
	 -----: Time: 146.313
	 -----: Total Time: 3727.329
Round: 2500 |Train Time: 149.108
>>>>>>>>>> Evaluating
	 - train set
	 - test set
	 Round: 2501 |Train Loss: 0.06992 |Train RMSE: 0.25337 |Eval-train Time: 58.458
	 -----: 2501 |Test  Loss: 0.07245 |Test  RMSE: 0.19092 |Eval-test  Time: 9.190
	 -----: Time: 172.403
	 -----: Total Time: 3899.731
Round: 2600 |Train Time: 158.609
>>>>>>>>>> Evaluating
	 - train set
	 - test set
	 Round: 2601 |Train Loss: 0.06954 |Train RMSE: 0.25258 |Eval-train Time: 58.099
	 -----: 2601 |Test  Loss: 0.07209 |Test  RMSE: 0.19024 |Eval-test  Time: 19.564
	 -----: Time: 169.601
	 -----: Total Time: 4069.333
Round: 2700 |Train Time: 168.829
>>>>>>>>>> Evaluating
	 - train set
	 - test set
	 Round: 2701 |Train Loss: 0.06921 |Train RMSE: 0.25150 |Eval-train Time: 28.412
	 -----: 2701 |Test  Loss: 0.07176 |Test  RMSE: 0.19008 |Eval-test  Time: 5.373
	 -----: Time: 124.148
	 -----: Total Time: 4193.481
Round: 2800 |Train Time: 141.018
>>>>>>>>>> Evaluating
	 - train set
	 - test set
	 Round: 2801 |Train Loss: 0.06978 |Train RMSE: 0.25307 |Eval-train Time: 32.178
	 -----: 2801 |Test  Loss: 0.07234 |Test  RMSE: 0.19113 |Eval-test  Time: 7.658
	 -----: Time: 147.375
	 -----: Total Time: 4340.856
Round: 2900 |Train Time: 158.324
>>>>>>>>>> Evaluating
	 - train set
	 - test set
	 Round: 2901 |Train Loss: 0.06965 |Train RMSE: 0.25230 |Eval-train Time: 33.924
	 -----: 2901 |Test  Loss: 0.07222 |Test  RMSE: 0.19063 |Eval-test  Time: 5.687
	 -----: Time: 157.726
	 -----: Total Time: 4498.581
Round: 3000 |Train Time: 160.458
>>>>>>>>>> Evaluating
	 - train set
	 - test set
	 Round: 3001 |Train Loss: 0.06915 |Train RMSE: 0.25175 |Eval-train Time: 25.173
	 -----: 3001 |Test  Loss: 0.07177 |Test  RMSE: 0.18951 |Eval-test  Time: 6.366
	 -----: Time: 152.261
	 -----: Total Time: 4650.842
Round: 3100 |Train Time: 135.076
>>>>>>>>>> Evaluating
	 - train set
	 - test set
	 Round: 3101 |Train Loss: 0.06975 |Train RMSE: 0.25326 |Eval-train Time: 35.317
	 -----: 3101 |Test  Loss: 0.07232 |Test  RMSE: 0.19277 |Eval-test  Time: 6.522
	 -----: Time: 146.420
	 -----: Total Time: 4797.262
Round: 3200 |Train Time: 162.575
>>>>>>>>>> Evaluating
	 - train set
	 - test set
	 Round: 3201 |Train Loss: 0.06926 |Train RMSE: 0.25190 |Eval-train Time: 34.965
	 -----: 3201 |Test  Loss: 0.07202 |Test  RMSE: 0.19295 |Eval-test  Time: 7.230
	 -----: Time: 162.195
	 -----: Total Time: 4959.456
>>>>>>>>>> Evaluating
	 - train set
	 - test set
	 Round: 3300 |Train Loss: 0.06927 |Train RMSE: 0.25184 |Eval-train Time: 4.969
	 -----: 3300 |Test  Loss: 0.07202 |Test  RMSE: 0.19995 |Eval-test  Time: 1.252
	 -----: Time: 125.127
	 -----: Total Time: 5084.583
