Run experiment in sequential setting..
Namespace(architecture='ring', beta_supp=1.0, bz_test=32, bz_train=32, decay='sqrt', device='cuda', experiment='driving_gazebo', fit_by_epoch=False, local_steps=1, log_freq=40, lr=0.0001, model='FADNet_plus', n_rounds=3300, network_name='gaia', num_workers=11, optimizer='adam', random_ring_proba=0.5, save_logg_path='', test=False)
>>>>>>>>>> start time: Mon Nov 18 01:48:39 2024
- Loading: > driving_gazebo < dataset from: data/driving_gazebo/gaia/train/train.npz
Loading data from data/driving_gazebo/gaia/train/train.npz...
Filenames:  (23390,)
Ground truths:  (23390,)
Done!
- Loading: > driving_gazebo < dataset from: data/driving_gazebo/gaia/test/test.npz
Loading data from data/driving_gazebo/gaia/test/test.npz...
Filenames:  (10130,)
Ground truths:  (10130,)
Done!
>>>>>>>>>> Loading worker-datasets
	 + Loading: > driving_gazebo < dataset from: data/driving_gazebo/gaia/train/0.npz
Loading data from data/driving_gazebo/gaia/train/0.npz...
Filenames:  (2144,)
Ground truths:  (2144,)
Done!
	 + Loading: > driving_gazebo < dataset from: data/driving_gazebo/gaia/train/1.npz
Loading data from data/driving_gazebo/gaia/train/1.npz...
Filenames:  (2145,)
Ground truths:  (2145,)
Done!
	 + Loading: > driving_gazebo < dataset from: data/driving_gazebo/gaia/train/2.npz
Loading data from data/driving_gazebo/gaia/train/2.npz...
Filenames:  (2140,)
Ground truths:  (2140,)
Done!
	 + Loading: > driving_gazebo < dataset from: data/driving_gazebo/gaia/train/3.npz
Loading data from data/driving_gazebo/gaia/train/3.npz...
Filenames:  (2150,)
Ground truths:  (2150,)
Done!
	 + Loading: > driving_gazebo < dataset from: data/driving_gazebo/gaia/train/4.npz
Loading data from data/driving_gazebo/gaia/train/4.npz...
Filenames:  (2158,)
Ground truths:  (2158,)
Done!
	 + Loading: > driving_gazebo < dataset from: data/driving_gazebo/gaia/train/5.npz
Loading data from data/driving_gazebo/gaia/train/5.npz...
Filenames:  (2150,)
Ground truths:  (2150,)
Done!
	 + Loading: > driving_gazebo < dataset from: data/driving_gazebo/gaia/train/6.npz
Loading data from data/driving_gazebo/gaia/train/6.npz...
Filenames:  (2138,)
Ground truths:  (2138,)
Done!
	 + Loading: > driving_gazebo < dataset from: data/driving_gazebo/gaia/train/7.npz
Loading data from data/driving_gazebo/gaia/train/7.npz...
Filenames:  (2142,)
Ground truths:  (2142,)
Done!
	 + Loading: > driving_gazebo < dataset from: data/driving_gazebo/gaia/train/8.npz
Loading data from data/driving_gazebo/gaia/train/8.npz...
Filenames:  (2138,)
Ground truths:  (2138,)
Done!
	 + Loading: > driving_gazebo < dataset from: data/driving_gazebo/gaia/train/9.npz
Loading data from data/driving_gazebo/gaia/train/9.npz...
Filenames:  (2045,)
Ground truths:  (2045,)
Done!
	 + Loading: > driving_gazebo < dataset from: data/driving_gazebo/gaia/train/10.npz
Loading data from data/driving_gazebo/gaia/train/10.npz...
Filenames:  (2040,)
Ground truths:  (2040,)
Done!
>>>>>>>>>> Network Architecture
FADNet_plus(
  (conv1): Conv2d(1, 32, kernel_size=(5, 5), stride=(2, 2))
  (max_pool1): MaxPool2d(kernel_size=(3, 3), stride=2, padding=0, dilation=1, ceil_mode=False)
  (res_block1): Sequential(
    (batch_norm): BatchNorm2d(32, eps=1e-05, momentum=0.1, affine=True, track_running_stats=True)
    (relu): ReLU()
    (conv2d): Conv2d(32, 32, kernel_size=(3, 3), stride=(2, 2))
    (batch_norm_1): BatchNorm2d(32, eps=1e-05, momentum=0.1, affine=True, track_running_stats=True)
    (relu_1): ReLU()
    (conv2d_2): Conv2d(32, 32, kernel_size=(3, 3), stride=(1, 1))
  )
  (conv2): Conv2d(32, 256, kernel_size=(1, 1), stride=(7, 7))
  (res_block2): Sequential(
    (batch_norm): BatchNorm2d(32, eps=1e-05, momentum=0.1, affine=True, track_running_stats=True)
    (relu): ReLU()
    (conv2d): Conv2d(32, 64, kernel_size=(3, 3), stride=(2, 2))
    (batch_norm_1): BatchNorm2d(64, eps=1e-05, momentum=0.1, affine=True, track_running_stats=True)
    (relu_1): ReLU()
    (conv2d_2): Conv2d(64, 64, kernel_size=(3, 3), stride=(1, 1))
  )
  (conv3): Conv2d(32, 256, kernel_size=(1, 1), stride=(4, 4))
  (res_block3): Sequential(
    (batch_norm): BatchNorm2d(64, eps=1e-05, momentum=0.1, affine=True, track_running_stats=True)
    (relu): ReLU()
    (conv2d): Conv2d(64, 128, kernel_size=(3, 3), stride=(2, 2))
    (batch_norm_1): BatchNorm2d(128, eps=1e-05, momentum=0.1, affine=True, track_running_stats=True)
    (relu_1): ReLU()
    (conv2d_2): Conv2d(128, 128, kernel_size=(3, 3), stride=(1, 1))
  )
  (conv4): Conv2d(64, 256, kernel_size=(1, 1), stride=(2, 2))
  (dropout): Dropout2d(p=0.5, inplace=False)
  (relu): ReLU()
  (fc_feature): Linear(in_features=3, out_features=1, bias=True)
  (fc): Linear(in_features=6272, out_features=1, bias=True)
)
nParams=	336709
>>>>>>>>>> Evaluating
	 - train set
	 - test set
	 Round: 0 |Train Loss: 3.07023 |Train RMSE: 1.74276 |Eval-train Time: 245.615
	 -----: 0 |Test  Loss: 3.53071 |Test  RMSE: 1.66125 |Eval-test  Time: 150.359
	 -----: Time: 399.671
	 -----: Total Time: 399.671
Round: 0 |Train Time: 2.991
>>>>>>>>>> Evaluating
	 - train set
	 - test set
	 Round: 41 |Train Loss: 0.05623 |Train RMSE: 0.23473 |Eval-train Time: 237.140
	 -----: 41 |Test  Loss: 0.06846 |Test  RMSE: 0.23652 |Eval-test  Time: 115.169
	 -----: Time: 511.917
	 -----: Total Time: 911.588
>>>>>>>>>> Evaluating
	 - train set
	 - test set
	 Round: 81 |Train Loss: 0.03363 |Train RMSE: 0.18137 |Eval-train Time: 246.189
	 -----: 81 |Test  Loss: 0.04207 |Test  RMSE: 0.18424 |Eval-test  Time: 101.497
	 -----: Time: 502.977
	 -----: Total Time: 1414.566
Round: 100 |Train Time: 1081.204
>>>>>>>>>> Evaluating
	 - train set
	 - test set
	 Round: 121 |Train Loss: 0.02287 |Train RMSE: 0.14931 |Eval-train Time: 249.315
	 -----: 121 |Test  Loss: 0.02834 |Test  RMSE: 0.15089 |Eval-test  Time: 120.200
	 -----: Time: 529.709
	 -----: Total Time: 1944.275
>>>>>>>>>> Evaluating
	 - train set
	 - test set
	 Round: 161 |Train Loss: 0.01775 |Train RMSE: 0.13161 |Eval-train Time: 238.358
	 -----: 161 |Test  Loss: 0.02133 |Test  RMSE: 0.13037 |Eval-test  Time: 123.884
	 -----: Time: 516.620
	 -----: Total Time: 2460.895
Round: 200 |Train Time: 1126.052
>>>>>>>>>> Evaluating
	 - train set
	 - test set
	 Round: 201 |Train Loss: 0.01571 |Train RMSE: 0.12374 |Eval-train Time: 244.973
	 -----: 201 |Test  Loss: 0.01822 |Test  RMSE: 0.11990 |Eval-test  Time: 113.848
	 -----: Time: 511.743
	 -----: Total Time: 2972.638
>>>>>>>>>> Evaluating
	 - train set
	 - test set
	 Round: 241 |Train Loss: 0.01320 |Train RMSE: 0.11308 |Eval-train Time: 251.569
	 -----: 241 |Test  Loss: 0.01497 |Test  RMSE: 0.10792 |Eval-test  Time: 118.517
	 -----: Time: 529.211
	 -----: Total Time: 3501.849
>>>>>>>>>> Evaluating
	 - train set
	 - test set
	 Round: 281 |Train Loss: 0.01163 |Train RMSE: 0.10595 |Eval-train Time: 237.825
	 -----: 281 |Test  Loss: 0.01294 |Test  RMSE: 0.09954 |Eval-test  Time: 129.821
	 -----: Time: 527.282
	 -----: Total Time: 4029.131
Round: 300 |Train Time: 1474.420
>>>>>>>>>> Evaluating
	 - train set
	 - test set
	 Round: 321 |Train Loss: 0.01077 |Train RMSE: 0.10189 |Eval-train Time: 244.647
	 -----: 321 |Test  Loss: 0.01193 |Test  RMSE: 0.09498 |Eval-test  Time: 106.305
	 -----: Time: 504.000
	 -----: Total Time: 4533.131
>>>>>>>>>> Evaluating
	 - train set
	 - test set
	 Round: 361 |Train Loss: 0.01043 |Train RMSE: 0.10028 |Eval-train Time: 249.358
	 -----: 361 |Test  Loss: 0.01144 |Test  RMSE: 0.09264 |Eval-test  Time: 95.904
	 -----: Time: 490.115
	 -----: Total Time: 5023.246
Round: 400 |Train Time: 987.498
>>>>>>>>>> Evaluating
	 - train set
	 - test set
	 Round: 401 |Train Loss: 0.01042 |Train RMSE: 0.10029 |Eval-train Time: 71.399
	 -----: 401 |Test  Loss: 0.01124 |Test  RMSE: 0.09175 |Eval-test  Time: 30.920
	 -----: Time: 152.133
	 -----: Total Time: 5175.379
>>>>>>>>>> Evaluating
	 - train set
	 - test set
	 Round: 441 |Train Loss: 0.01015 |Train RMSE: 0.09893 |Eval-train Time: 71.715
	 -----: 441 |Test  Loss: 0.01085 |Test  RMSE: 0.08997 |Eval-test  Time: 30.901
	 -----: Time: 152.519
	 -----: Total Time: 5327.898
>>>>>>>>>> Evaluating
	 - train set
	 - test set
	 Round: 481 |Train Loss: 0.01007 |Train RMSE: 0.09842 |Eval-train Time: 71.378
	 -----: 481 |Test  Loss: 0.01073 |Test  RMSE: 0.08954 |Eval-test  Time: 31.128
	 -----: Time: 153.041
	 -----: Total Time: 5480.939
Round: 500 |Train Time: 433.202
>>>>>>>>>> Evaluating
	 - train set
	 - test set
	 Round: 521 |Train Loss: 0.00971 |Train RMSE: 0.09678 |Eval-train Time: 74.101
	 -----: 521 |Test  Loss: 0.01033 |Test  RMSE: 0.08750 |Eval-test  Time: 31.716
	 -----: Time: 156.236
	 -----: Total Time: 5637.175
>>>>>>>>>> Evaluating
	 - train set
	 - test set
	 Round: 561 |Train Loss: 0.00952 |Train RMSE: 0.09565 |Eval-train Time: 71.207
	 -----: 561 |Test  Loss: 0.01012 |Test  RMSE: 0.08644 |Eval-test  Time: 30.888
	 -----: Time: 152.370
	 -----: Total Time: 5789.546
Round: 600 |Train Time: 333.472
>>>>>>>>>> Evaluating
	 - train set
	 - test set
	 Round: 601 |Train Loss: 0.00949 |Train RMSE: 0.09544 |Eval-train Time: 70.900
	 -----: 601 |Test  Loss: 0.01010 |Test  RMSE: 0.08634 |Eval-test  Time: 30.946
	 -----: Time: 152.052
	 -----: Total Time: 5941.598
>>>>>>>>>> Evaluating
	 - train set
	 - test set
	 Round: 641 |Train Loss: 0.00944 |Train RMSE: 0.09520 |Eval-train Time: 71.053
	 -----: 641 |Test  Loss: 0.01002 |Test  RMSE: 0.08601 |Eval-test  Time: 30.878
	 -----: Time: 151.979
	 -----: Total Time: 6093.577
>>>>>>>>>> Evaluating
	 - train set
	 - test set
	 Round: 681 |Train Loss: 0.00941 |Train RMSE: 0.09497 |Eval-train Time: 71.134
	 -----: 681 |Test  Loss: 0.00999 |Test  RMSE: 0.08589 |Eval-test  Time: 30.504
	 -----: Time: 152.215
	 -----: Total Time: 6245.791
Round: 700 |Train Time: 431.424
>>>>>>>>>> Evaluating
	 - train set
	 - test set
	 Round: 721 |Train Loss: 0.00927 |Train RMSE: 0.09439 |Eval-train Time: 70.788
	 -----: 721 |Test  Loss: 0.00984 |Test  RMSE: 0.08506 |Eval-test  Time: 30.736
	 -----: Time: 151.864
	 -----: Total Time: 6397.655
>>>>>>>>>> Evaluating
	 - train set
	 - test set
	 Round: 761 |Train Loss: 0.00911 |Train RMSE: 0.09346 |Eval-train Time: 70.659
	 -----: 761 |Test  Loss: 0.00966 |Test  RMSE: 0.08404 |Eval-test  Time: 30.582
	 -----: Time: 151.873
	 -----: Total Time: 6549.528
Round: 800 |Train Time: 328.859
>>>>>>>>>> Evaluating
	 - train set
	 - test set
	 Round: 801 |Train Loss: 0.00888 |Train RMSE: 0.09213 |Eval-train Time: 71.090
	 -----: 801 |Test  Loss: 0.00943 |Test  RMSE: 0.08266 |Eval-test  Time: 30.725
	 -----: Time: 152.289
	 -----: Total Time: 6701.817
>>>>>>>>>> Evaluating
	 - train set
	 - test set
	 Round: 841 |Train Loss: 0.00865 |Train RMSE: 0.09092 |Eval-train Time: 70.616
	 -----: 841 |Test  Loss: 0.00918 |Test  RMSE: 0.08119 |Eval-test  Time: 30.525
	 -----: Time: 151.608
	 -----: Total Time: 6853.424
>>>>>>>>>> Evaluating
	 - train set
	 - test set
	 Round: 881 |Train Loss: 0.00850 |Train RMSE: 0.09010 |Eval-train Time: 70.636
	 -----: 881 |Test  Loss: 0.00903 |Test  RMSE: 0.08028 |Eval-test  Time: 30.615
	 -----: Time: 151.854
	 -----: Total Time: 7005.278
Round: 900 |Train Time: 430.735
>>>>>>>>>> Evaluating
	 - train set
	 - test set
	 Round: 921 |Train Loss: 0.00836 |Train RMSE: 0.08910 |Eval-train Time: 70.591
	 -----: 921 |Test  Loss: 0.00888 |Test  RMSE: 0.07935 |Eval-test  Time: 30.650
	 -----: Time: 151.822
	 -----: Total Time: 7157.101
>>>>>>>>>> Evaluating
	 - train set
	 - test set
	 Round: 961 |Train Loss: 0.00818 |Train RMSE: 0.08839 |Eval-train Time: 70.460
	 -----: 961 |Test  Loss: 0.00871 |Test  RMSE: 0.07821 |Eval-test  Time: 30.711
	 -----: Time: 151.812
	 -----: Total Time: 7308.913
Round: 1000 |Train Time: 328.922
>>>>>>>>>> Evaluating
	 - train set
	 - test set
	 Round: 1001 |Train Loss: 0.00803 |Train RMSE: 0.08737 |Eval-train Time: 70.080
	 -----: 1001 |Test  Loss: 0.00855 |Test  RMSE: 0.07717 |Eval-test  Time: 30.823
	 -----: Time: 151.671
	 -----: Total Time: 7460.584
>>>>>>>>>> Evaluating
	 - train set
	 - test set
	 Round: 1041 |Train Loss: 0.00792 |Train RMSE: 0.08674 |Eval-train Time: 70.245
	 -----: 1041 |Test  Loss: 0.00844 |Test  RMSE: 0.07643 |Eval-test  Time: 31.000
	 -----: Time: 151.849
	 -----: Total Time: 7612.433
>>>>>>>>>> Evaluating
	 - train set
	 - test set
	 Round: 1081 |Train Loss: 0.00778 |Train RMSE: 0.08577 |Eval-train Time: 70.114
	 -----: 1081 |Test  Loss: 0.00830 |Test  RMSE: 0.07547 |Eval-test  Time: 30.865
	 -----: Time: 151.714
	 -----: Total Time: 7764.147
Round: 1100 |Train Time: 430.114
>>>>>>>>>> Evaluating
	 - train set
	 - test set
	 Round: 1121 |Train Loss: 0.00769 |Train RMSE: 0.08530 |Eval-train Time: 69.948
	 -----: 1121 |Test  Loss: 0.00820 |Test  RMSE: 0.07483 |Eval-test  Time: 30.771
	 -----: Time: 151.657
	 -----: Total Time: 7915.805
>>>>>>>>>> Evaluating
	 - train set
	 - test set
	 Round: 1161 |Train Loss: 0.00761 |Train RMSE: 0.08483 |Eval-train Time: 69.804
	 -----: 1161 |Test  Loss: 0.00813 |Test  RMSE: 0.07430 |Eval-test  Time: 30.789
	 -----: Time: 151.389
	 -----: Total Time: 8067.193
Round: 1200 |Train Time: 328.282
>>>>>>>>>> Evaluating
	 - train set
	 - test set
	 Round: 1201 |Train Loss: 0.00750 |Train RMSE: 0.08405 |Eval-train Time: 69.949
	 -----: 1201 |Test  Loss: 0.00801 |Test  RMSE: 0.07342 |Eval-test  Time: 30.636
	 -----: Time: 151.516
	 -----: Total Time: 8218.709
>>>>>>>>>> Evaluating
	 - train set
	 - test set
	 Round: 1241 |Train Loss: 0.00740 |Train RMSE: 0.08344 |Eval-train Time: 69.819
	 -----: 1241 |Test  Loss: 0.00791 |Test  RMSE: 0.07268 |Eval-test  Time: 30.690
	 -----: Time: 151.419
	 -----: Total Time: 8370.129
>>>>>>>>>> Evaluating
	 - train set
	 - test set
	 Round: 1281 |Train Loss: 0.00737 |Train RMSE: 0.08325 |Eval-train Time: 70.060
	 -----: 1281 |Test  Loss: 0.00787 |Test  RMSE: 0.07238 |Eval-test  Time: 30.718
	 -----: Time: 151.622
	 -----: Total Time: 8521.751
Round: 1300 |Train Time: 429.110
>>>>>>>>>> Evaluating
	 - train set
	 - test set
	 Round: 1321 |Train Loss: 0.00730 |Train RMSE: 0.08284 |Eval-train Time: 69.332
	 -----: 1321 |Test  Loss: 0.00780 |Test  RMSE: 0.07187 |Eval-test  Time: 30.874
	 -----: Time: 151.044
	 -----: Total Time: 8672.795
>>>>>>>>>> Evaluating
	 - train set
	 - test set
	 Round: 1361 |Train Loss: 0.00724 |Train RMSE: 0.08241 |Eval-train Time: 69.710
	 -----: 1361 |Test  Loss: 0.00773 |Test  RMSE: 0.07134 |Eval-test  Time: 30.578
	 -----: Time: 151.266
	 -----: Total Time: 8824.062
Round: 1400 |Train Time: 328.092
>>>>>>>>>> Evaluating
	 - train set
	 - test set
	 Round: 1401 |Train Loss: 0.00717 |Train RMSE: 0.08188 |Eval-train Time: 69.630
	 -----: 1401 |Test  Loss: 0.00766 |Test  RMSE: 0.07075 |Eval-test  Time: 30.671
	 -----: Time: 151.558
	 -----: Total Time: 8975.620
>>>>>>>>>> Evaluating
	 - train set
	 - test set
	 Round: 1441 |Train Loss: 0.00710 |Train RMSE: 0.08154 |Eval-train Time: 70.064
	 -----: 1441 |Test  Loss: 0.00759 |Test  RMSE: 0.07019 |Eval-test  Time: 30.748
	 -----: Time: 151.890
	 -----: Total Time: 9127.509
>>>>>>>>>> Evaluating
	 - train set
	 - test set
	 Round: 1481 |Train Loss: 0.00704 |Train RMSE: 0.08117 |Eval-train Time: 69.693
	 -----: 1481 |Test  Loss: 0.00753 |Test  RMSE: 0.06965 |Eval-test  Time: 30.800
	 -----: Time: 151.217
	 -----: Total Time: 9278.726
Round: 1500 |Train Time: 428.998
>>>>>>>>>> Evaluating
	 - train set
	 - test set
	 Round: 1521 |Train Loss: 0.00700 |Train RMSE: 0.08085 |Eval-train Time: 69.743
	 -----: 1521 |Test  Loss: 0.00749 |Test  RMSE: 0.06929 |Eval-test  Time: 30.530
	 -----: Time: 151.255
	 -----: Total Time: 9429.981
>>>>>>>>>> Evaluating
	 - train set
	 - test set
	 Round: 1561 |Train Loss: 0.00695 |Train RMSE: 0.08045 |Eval-train Time: 69.912
	 -----: 1561 |Test  Loss: 0.00743 |Test  RMSE: 0.06884 |Eval-test  Time: 30.639
	 -----: Time: 151.384
	 -----: Total Time: 9581.364
Round: 1600 |Train Time: 327.807
>>>>>>>>>> Evaluating
	 - train set
	 - test set
	 Round: 1601 |Train Loss: 0.00690 |Train RMSE: 0.08008 |Eval-train Time: 69.802
	 -----: 1601 |Test  Loss: 0.00738 |Test  RMSE: 0.06840 |Eval-test  Time: 30.658
	 -----: Time: 151.216
	 -----: Total Time: 9732.580
>>>>>>>>>> Evaluating
	 - train set
	 - test set
	 Round: 1641 |Train Loss: 0.00685 |Train RMSE: 0.07999 |Eval-train Time: 70.013
	 -----: 1641 |Test  Loss: 0.00733 |Test  RMSE: 0.06790 |Eval-test  Time: 30.334
	 -----: Time: 151.243
	 -----: Total Time: 9883.823
>>>>>>>>>> Evaluating
	 - train set
	 - test set
	 Round: 1681 |Train Loss: 0.00682 |Train RMSE: 0.07987 |Eval-train Time: 69.972
	 -----: 1681 |Test  Loss: 0.00730 |Test  RMSE: 0.06763 |Eval-test  Time: 30.588
	 -----: Time: 151.426
	 -----: Total Time: 10035.249
Round: 1700 |Train Time: 428.625
>>>>>>>>>> Evaluating
	 - train set
	 - test set
	 Round: 1721 |Train Loss: 0.00679 |Train RMSE: 0.07946 |Eval-train Time: 70.153
	 -----: 1721 |Test  Loss: 0.00726 |Test  RMSE: 0.06731 |Eval-test  Time: 30.449
	 -----: Time: 151.259
	 -----: Total Time: 10186.509
>>>>>>>>>> Evaluating
	 - train set
	 - test set
	 Round: 1761 |Train Loss: 0.00677 |Train RMSE: 0.07942 |Eval-train Time: 70.289
	 -----: 1761 |Test  Loss: 0.00724 |Test  RMSE: 0.06716 |Eval-test  Time: 30.391
	 -----: Time: 151.622
	 -----: Total Time: 10338.131
Round: 1800 |Train Time: 328.280
>>>>>>>>>> Evaluating
	 - train set
	 - test set
	 Round: 1801 |Train Loss: 0.00673 |Train RMSE: 0.07927 |Eval-train Time: 70.532
	 -----: 1801 |Test  Loss: 0.00721 |Test  RMSE: 0.06680 |Eval-test  Time: 30.302
	 -----: Time: 151.760
	 -----: Total Time: 10489.891
>>>>>>>>>> Evaluating
	 - train set
	 - test set
	 Round: 1841 |Train Loss: 0.00670 |Train RMSE: 0.07901 |Eval-train Time: 70.304
	 -----: 1841 |Test  Loss: 0.00718 |Test  RMSE: 0.06652 |Eval-test  Time: 30.216
	 -----: Time: 151.262
	 -----: Total Time: 10641.153
>>>>>>>>>> Evaluating
	 - train set
	 - test set
	 Round: 1881 |Train Loss: 0.00667 |Train RMSE: 0.07854 |Eval-train Time: 70.525
	 -----: 1881 |Test  Loss: 0.00714 |Test  RMSE: 0.06621 |Eval-test  Time: 30.062
	 -----: Time: 151.459
	 -----: Total Time: 10792.612
Round: 1900 |Train Time: 429.148
>>>>>>>>>> Evaluating
	 - train set
	 - test set
	 Round: 1921 |Train Loss: 0.00665 |Train RMSE: 0.07860 |Eval-train Time: 70.838
	 -----: 1921 |Test  Loss: 0.00712 |Test  RMSE: 0.06599 |Eval-test  Time: 30.280
	 -----: Time: 152.280
	 -----: Total Time: 10944.892
>>>>>>>>>> Evaluating
	 - train set
	 - test set
	 Round: 1961 |Train Loss: 0.00663 |Train RMSE: 0.07839 |Eval-train Time: 70.488
	 -----: 1961 |Test  Loss: 0.00710 |Test  RMSE: 0.06575 |Eval-test  Time: 29.871
	 -----: Time: 151.138
	 -----: Total Time: 11096.030
Round: 2000 |Train Time: 328.923
>>>>>>>>>> Evaluating
	 - train set
	 - test set
	 Round: 2001 |Train Loss: 0.00661 |Train RMSE: 0.07827 |Eval-train Time: 70.763
	 -----: 2001 |Test  Loss: 0.00707 |Test  RMSE: 0.06552 |Eval-test  Time: 29.820
	 -----: Time: 151.623
	 -----: Total Time: 11247.654
>>>>>>>>>> Evaluating
	 - train set
	 - test set
	 Round: 2041 |Train Loss: 0.00658 |Train RMSE: 0.07823 |Eval-train Time: 70.595
	 -----: 2041 |Test  Loss: 0.00705 |Test  RMSE: 0.06526 |Eval-test  Time: 29.888
	 -----: Time: 151.173
	 -----: Total Time: 11398.826
>>>>>>>>>> Evaluating
	 - train set
	 - test set
	 Round: 2081 |Train Loss: 0.00657 |Train RMSE: 0.07807 |Eval-train Time: 70.784
	 -----: 2081 |Test  Loss: 0.00704 |Test  RMSE: 0.06513 |Eval-test  Time: 29.710
	 -----: Time: 151.255
	 -----: Total Time: 11550.081
Round: 2100 |Train Time: 428.311
>>>>>>>>>> Evaluating
	 - train set
	 - test set
	 Round: 2121 |Train Loss: 0.00655 |Train RMSE: 0.07778 |Eval-train Time: 70.744
	 -----: 2121 |Test  Loss: 0.00702 |Test  RMSE: 0.06496 |Eval-test  Time: 29.693
	 -----: Time: 151.214
	 -----: Total Time: 11701.296
>>>>>>>>>> Evaluating
	 - train set
	 - test set
	 Round: 2161 |Train Loss: 0.00654 |Train RMSE: 0.07789 |Eval-train Time: 70.579
	 -----: 2161 |Test  Loss: 0.00701 |Test  RMSE: 0.06486 |Eval-test  Time: 29.765
	 -----: Time: 151.199
	 -----: Total Time: 11852.495
Round: 2200 |Train Time: 327.976
>>>>>>>>>> Evaluating
	 - train set
	 - test set
	 Round: 2201 |Train Loss: 0.00653 |Train RMSE: 0.07768 |Eval-train Time: 71.088
	 -----: 2201 |Test  Loss: 0.00700 |Test  RMSE: 0.06474 |Eval-test  Time: 29.488
	 -----: Time: 151.470
	 -----: Total Time: 12003.965
>>>>>>>>>> Evaluating
	 - train set
	 - test set
	 Round: 2241 |Train Loss: 0.00651 |Train RMSE: 0.07762 |Eval-train Time: 71.472
	 -----: 2241 |Test  Loss: 0.00698 |Test  RMSE: 0.06455 |Eval-test  Time: 29.614
	 -----: Time: 151.930
	 -----: Total Time: 12155.894
>>>>>>>>>> Evaluating
	 - train set
	 - test set
	 Round: 2281 |Train Loss: 0.00651 |Train RMSE: 0.07742 |Eval-train Time: 70.957
	 -----: 2281 |Test  Loss: 0.00697 |Test  RMSE: 0.06445 |Eval-test  Time: 29.687
	 -----: Time: 151.493
	 -----: Total Time: 12307.387
Round: 2300 |Train Time: 429.316
>>>>>>>>>> Evaluating
	 - train set
	 - test set
	 Round: 2321 |Train Loss: 0.00649 |Train RMSE: 0.07743 |Eval-train Time: 71.148
	 -----: 2321 |Test  Loss: 0.00696 |Test  RMSE: 0.06431 |Eval-test  Time: 29.944
	 -----: Time: 151.816
	 -----: Total Time: 12459.203
>>>>>>>>>> Evaluating
	 - train set
	 - test set
	 Round: 2361 |Train Loss: 0.00649 |Train RMSE: 0.07739 |Eval-train Time: 71.595
	 -----: 2361 |Test  Loss: 0.00695 |Test  RMSE: 0.06426 |Eval-test  Time: 29.570
	 -----: Time: 151.582
	 -----: Total Time: 12610.785
Round: 2400 |Train Time: 328.955
>>>>>>>>>> Evaluating
	 - train set
	 - test set
	 Round: 2401 |Train Loss: 0.00648 |Train RMSE: 0.07731 |Eval-train Time: 71.663
	 -----: 2401 |Test  Loss: 0.00694 |Test  RMSE: 0.06413 |Eval-test  Time: 29.475
	 -----: Time: 151.968
	 -----: Total Time: 12762.753
>>>>>>>>>> Evaluating
	 - train set
	 - test set
	 Round: 2441 |Train Loss: 0.00647 |Train RMSE: 0.07750 |Eval-train Time: 71.505
	 -----: 2441 |Test  Loss: 0.00693 |Test  RMSE: 0.06403 |Eval-test  Time: 29.780
	 -----: Time: 151.607
	 -----: Total Time: 12914.360
>>>>>>>>>> Evaluating
	 - train set
	 - test set
	 Round: 2481 |Train Loss: 0.00645 |Train RMSE: 0.07714 |Eval-train Time: 71.853
	 -----: 2481 |Test  Loss: 0.00692 |Test  RMSE: 0.06387 |Eval-test  Time: 29.847
	 -----: Time: 152.177
	 -----: Total Time: 13066.537
Round: 2500 |Train Time: 430.208
>>>>>>>>>> Evaluating
	 - train set
	 - test set
	 Round: 2521 |Train Loss: 0.00644 |Train RMSE: 0.07701 |Eval-train Time: 71.521
	 -----: 2521 |Test  Loss: 0.00690 |Test  RMSE: 0.06366 |Eval-test  Time: 30.133
	 -----: Time: 152.517
	 -----: Total Time: 13219.054
>>>>>>>>>> Evaluating
	 - train set
	 - test set
	 Round: 2561 |Train Loss: 0.00643 |Train RMSE: 0.07709 |Eval-train Time: 71.484
	 -----: 2561 |Test  Loss: 0.00688 |Test  RMSE: 0.06352 |Eval-test  Time: 29.997
	 -----: Time: 151.956
	 -----: Total Time: 13371.010
Round: 2600 |Train Time: 329.574
>>>>>>>>>> Evaluating
	 - train set
	 - test set
	 Round: 2601 |Train Loss: 0.00642 |Train RMSE: 0.07687 |Eval-train Time: 71.850
	 -----: 2601 |Test  Loss: 0.00688 |Test  RMSE: 0.06347 |Eval-test  Time: 30.245
	 -----: Time: 152.492
	 -----: Total Time: 13523.502
>>>>>>>>>> Evaluating
	 - train set
	 - test set
	 Round: 2641 |Train Loss: 0.00641 |Train RMSE: 0.07696 |Eval-train Time: 71.416
	 -----: 2641 |Test  Loss: 0.00687 |Test  RMSE: 0.06339 |Eval-test  Time: 30.073
	 -----: Time: 152.152
	 -----: Total Time: 13675.654
>>>>>>>>>> Evaluating
	 - train set
	 - test set
	 Round: 2681 |Train Loss: 0.00641 |Train RMSE: 0.07679 |Eval-train Time: 71.334
	 -----: 2681 |Test  Loss: 0.00687 |Test  RMSE: 0.06332 |Eval-test  Time: 30.345
	 -----: Time: 152.101
	 -----: Total Time: 13827.756
Round: 2700 |Train Time: 431.817
>>>>>>>>>> Evaluating
	 - train set
	 - test set
	 Round: 2721 |Train Loss: 0.00640 |Train RMSE: 0.07674 |Eval-train Time: 71.422
	 -----: 2721 |Test  Loss: 0.00686 |Test  RMSE: 0.06322 |Eval-test  Time: 30.105
	 -----: Time: 151.960
	 -----: Total Time: 13979.716
>>>>>>>>>> Evaluating
	 - train set
	 - test set
	 Round: 2761 |Train Loss: 0.00639 |Train RMSE: 0.07694 |Eval-train Time: 71.270
	 -----: 2761 |Test  Loss: 0.00685 |Test  RMSE: 0.06315 |Eval-test  Time: 30.346
	 -----: Time: 151.669
	 -----: Total Time: 14131.384
Round: 2800 |Train Time: 328.388
>>>>>>>>>> Evaluating
	 - train set
	 - test set
	 Round: 2801 |Train Loss: 0.00639 |Train RMSE: 0.07679 |Eval-train Time: 71.225
	 -----: 2801 |Test  Loss: 0.00685 |Test  RMSE: 0.06311 |Eval-test  Time: 30.468
	 -----: Time: 151.932
	 -----: Total Time: 14283.316
>>>>>>>>>> Evaluating
	 - train set
	 - test set
	 Round: 2841 |Train Loss: 0.00638 |Train RMSE: 0.07655 |Eval-train Time: 71.593
	 -----: 2841 |Test  Loss: 0.00684 |Test  RMSE: 0.06299 |Eval-test  Time: 30.320
	 -----: Time: 151.928
	 -----: Total Time: 14435.244
>>>>>>>>>> Evaluating
	 - train set
	 - test set
	 Round: 2881 |Train Loss: 0.00637 |Train RMSE: 0.07668 |Eval-train Time: 71.086
	 -----: 2881 |Test  Loss: 0.00683 |Test  RMSE: 0.06289 |Eval-test  Time: 30.616
	 -----: Time: 151.469
	 -----: Total Time: 14586.713
Round: 2900 |Train Time: 430.182
>>>>>>>>>> Evaluating
	 - train set
	 - test set
	 Round: 2921 |Train Loss: 0.00637 |Train RMSE: 0.07651 |Eval-train Time: 71.471
	 -----: 2921 |Test  Loss: 0.00683 |Test  RMSE: 0.06286 |Eval-test  Time: 30.671
	 -----: Time: 152.095
	 -----: Total Time: 14738.808
>>>>>>>>>> Evaluating
	 - train set
	 - test set
	 Round: 2961 |Train Loss: 0.00636 |Train RMSE: 0.07643 |Eval-train Time: 70.914
	 -----: 2961 |Test  Loss: 0.00682 |Test  RMSE: 0.06278 |Eval-test  Time: 30.792
	 -----: Time: 152.062
	 -----: Total Time: 14890.870
Round: 3000 |Train Time: 328.796
>>>>>>>>>> Evaluating
	 - train set
	 - test set
	 Round: 3001 |Train Loss: 0.00636 |Train RMSE: 0.07659 |Eval-train Time: 71.410
	 -----: 3001 |Test  Loss: 0.00682 |Test  RMSE: 0.06277 |Eval-test  Time: 31.061
	 -----: Time: 152.188
	 -----: Total Time: 15043.058
>>>>>>>>>> Evaluating
	 - train set
	 - test set
	 Round: 3041 |Train Loss: 0.00636 |Train RMSE: 0.07645 |Eval-train Time: 70.941
	 -----: 3041 |Test  Loss: 0.00681 |Test  RMSE: 0.06273 |Eval-test  Time: 30.634
	 -----: Time: 151.709
	 -----: Total Time: 15194.767
>>>>>>>>>> Evaluating
	 - train set
	 - test set
	 Round: 3081 |Train Loss: 0.00635 |Train RMSE: 0.07657 |Eval-train Time: 71.347
	 -----: 3081 |Test  Loss: 0.00681 |Test  RMSE: 0.06265 |Eval-test  Time: 30.934
	 -----: Time: 152.161
	 -----: Total Time: 15346.929
Round: 3100 |Train Time: 431.766
>>>>>>>>>> Evaluating
	 - train set
	 - test set
	 Round: 3121 |Train Loss: 0.00634 |Train RMSE: 0.07630 |Eval-train Time: 71.456
	 -----: 3121 |Test  Loss: 0.00679 |Test  RMSE: 0.06252 |Eval-test  Time: 30.735
	 -----: Time: 152.346
	 -----: Total Time: 15499.274
>>>>>>>>>> Evaluating
	 - train set
	 - test set
	 Round: 3161 |Train Loss: 0.00634 |Train RMSE: 0.07664 |Eval-train Time: 71.114
	 -----: 3161 |Test  Loss: 0.00679 |Test  RMSE: 0.06248 |Eval-test  Time: 30.777
	 -----: Time: 152.382
	 -----: Total Time: 15651.657
Round: 3200 |Train Time: 329.712
>>>>>>>>>> Evaluating
	 - train set
	 - test set
	 Round: 3201 |Train Loss: 0.00634 |Train RMSE: 0.07637 |Eval-train Time: 70.966
	 -----: 3201 |Test  Loss: 0.00679 |Test  RMSE: 0.06243 |Eval-test  Time: 30.708
	 -----: Time: 152.089
	 -----: Total Time: 15803.745
>>>>>>>>>> Evaluating
	 - train set
	 - test set
	 Round: 3241 |Train Loss: 0.00633 |Train RMSE: 0.07652 |Eval-train Time: 71.133
	 -----: 3241 |Test  Loss: 0.00678 |Test  RMSE: 0.06234 |Eval-test  Time: 30.706
	 -----: Time: 151.788
	 -----: Total Time: 15955.533
>>>>>>>>>> Evaluating
	 - train set
	 - test set
	 Round: 3281 |Train Loss: 0.00633 |Train RMSE: 0.07636 |Eval-train Time: 70.881
	 -----: 3281 |Test  Loss: 0.00678 |Test  RMSE: 0.06234 |Eval-test  Time: 30.666
	 -----: Time: 151.955
	 -----: Total Time: 16107.489
>>>>>>>>>> Evaluating
	 - train set
	 - test set
	 Round: 3300 |Train Loss: 0.00633 |Train RMSE: 0.07636 |Eval-train Time: 69.662
	 -----: 3300 |Test  Loss: 0.00678 |Test  RMSE: 0.06895 |Eval-test  Time: 30.603
	 -----: Time: 123.213
	 -----: Total Time: 16230.702
