Run experiment in sequential setting..
Namespace(architecture='ring', beta_supp=0.5, bz_test=32, bz_train=32, decay='sqrt', device='cuda', experiment='driving_udacity', fit_by_epoch=False, local_steps=1, log_freq=100, lr=0.001, model='FADNet_plus', n_rounds=3300, network_name='gaia', num_workers=11, optimizer='adam', random_ring_proba=0.5, save_logg_path='', test=False)
>>>>>>>>>> start time: Mon Nov 18 01:47:34 2024
- Loading: > driving_udacity < dataset from: data/driving_udacity/gaia/train/train.npz
Loading processed data from data/driving_udacity/gaia/train/train.npz...
Images:  (30866, 1, 200, 200)
Ground truths:  (30866,)
Done!
- Loading: > driving_udacity < dataset from: data/driving_udacity/gaia/test/test.npz
Loading processed data from data/driving_udacity/gaia/test/test.npz...
Images:  (7720, 1, 200, 200)
Ground truths:  (7720,)
Done!
>>>>>>>>>> Loading worker-datasets
	 + Loading: > driving_udacity < dataset from: data/driving_udacity/gaia/train/0.npz
Loading processed data from data/driving_udacity/gaia/train/0.npz...
Images:  (2111, 1, 200, 200)
Ground truths:  (2111,)
Done!
	 + Loading: > driving_udacity < dataset from: data/driving_udacity/gaia/train/1.npz
Loading processed data from data/driving_udacity/gaia/train/1.npz...
Images:  (2112, 1, 200, 200)
Ground truths:  (2112,)
Done!
	 + Loading: > driving_udacity < dataset from: data/driving_udacity/gaia/train/2.npz
Loading processed data from data/driving_udacity/gaia/train/2.npz...
Images:  (3120, 1, 200, 200)
Ground truths:  (3120,)
Done!
	 + Loading: > driving_udacity < dataset from: data/driving_udacity/gaia/train/3.npz
Loading processed data from data/driving_udacity/gaia/train/3.npz...
Images:  (3159, 1, 200, 200)
Ground truths:  (3159,)
Done!
	 + Loading: > driving_udacity < dataset from: data/driving_udacity/gaia/train/4.npz
Loading processed data from data/driving_udacity/gaia/train/4.npz...
Images:  (3159, 1, 200, 200)
Ground truths:  (3159,)
Done!
	 + Loading: > driving_udacity < dataset from: data/driving_udacity/gaia/train/5.npz
Loading processed data from data/driving_udacity/gaia/train/5.npz...
Images:  (3159, 1, 200, 200)
Ground truths:  (3159,)
Done!
	 + Loading: > driving_udacity < dataset from: data/driving_udacity/gaia/train/6.npz
Loading processed data from data/driving_udacity/gaia/train/6.npz...
Images:  (3159, 1, 200, 200)
Ground truths:  (3159,)
Done!
	 + Loading: > driving_udacity < dataset from: data/driving_udacity/gaia/train/7.npz
Loading processed data from data/driving_udacity/gaia/train/7.npz...
Images:  (2960, 1, 200, 200)
Ground truths:  (2960,)
Done!
	 + Loading: > driving_udacity < dataset from: data/driving_udacity/gaia/train/8.npz
Loading processed data from data/driving_udacity/gaia/train/8.npz...
Images:  (2960, 1, 200, 200)
Ground truths:  (2960,)
Done!
	 + Loading: > driving_udacity < dataset from: data/driving_udacity/gaia/train/9.npz
Loading processed data from data/driving_udacity/gaia/train/9.npz...
Images:  (1579, 1, 200, 200)
Ground truths:  (1579,)
Done!
	 + Loading: > driving_udacity < dataset from: data/driving_udacity/gaia/train/10.npz
Loading processed data from data/driving_udacity/gaia/train/10.npz...
Images:  (3388, 1, 200, 200)
Ground truths:  (3388,)
Done!
>>>>>>>>>> Network Architecture
FADNet_plus(
  (conv1): Conv2d(1, 32, kernel_size=(5, 5), stride=(2, 2))
  (max_pool1): MaxPool2d(kernel_size=(3, 3), stride=2, padding=0, dilation=1, ceil_mode=False)
  (res_block1): Sequential(
    (batch_norm): BatchNorm2d(32, eps=1e-05, momentum=0.1, affine=True, track_running_stats=True)
    (relu): ReLU()
    (conv2d): Conv2d(32, 32, kernel_size=(3, 3), stride=(2, 2))
    (batch_norm_1): BatchNorm2d(32, eps=1e-05, momentum=0.1, affine=True, track_running_stats=True)
    (relu_1): ReLU()
    (conv2d_2): Conv2d(32, 32, kernel_size=(3, 3), stride=(1, 1))
  )
  (conv2): Conv2d(32, 256, kernel_size=(1, 1), stride=(7, 7))
  (res_block2): Sequential(
    (batch_norm): BatchNorm2d(32, eps=1e-05, momentum=0.1, affine=True, track_running_stats=True)
    (relu): ReLU()
    (conv2d): Conv2d(32, 64, kernel_size=(3, 3), stride=(2, 2))
    (batch_norm_1): BatchNorm2d(64, eps=1e-05, momentum=0.1, affine=True, track_running_stats=True)
    (relu_1): ReLU()
    (conv2d_2): Conv2d(64, 64, kernel_size=(3, 3), stride=(1, 1))
  )
  (conv3): Conv2d(32, 256, kernel_size=(1, 1), stride=(4, 4))
  (res_block3): Sequential(
    (batch_norm): BatchNorm2d(64, eps=1e-05, momentum=0.1, affine=True, track_running_stats=True)
    (relu): ReLU()
    (conv2d): Conv2d(64, 128, kernel_size=(3, 3), stride=(2, 2))
    (batch_norm_1): BatchNorm2d(128, eps=1e-05, momentum=0.1, affine=True, track_running_stats=True)
    (relu_1): ReLU()
    (conv2d_2): Conv2d(128, 128, kernel_size=(3, 3), stride=(1, 1))
  )
  (conv4): Conv2d(64, 256, kernel_size=(1, 1), stride=(2, 2))
  (dropout): Dropout2d(p=0.5, inplace=False)
  (relu): ReLU()
  (fc_feature): Linear(in_features=3, out_features=1, bias=True)
  (fc): Linear(in_features=6272, out_features=1, bias=True)
)
nParams=	336709
>>>>>>>>>> Evaluating
	 - train set
	 - test set
	 Round: 0 |Train Loss: 0.38826 |Train RMSE: 0.61451 |Eval-train Time: 6.185
	 -----: 0 |Test  Loss: 0.39324 |Test  RMSE: 0.56244 |Eval-test  Time: 0.994
	 -----: Time: 15.765
	 -----: Total Time: 15.765
Round: 0 |Train Time: 0.352
Round: 100 |Train Time: 43.403
>>>>>>>>>> Evaluating
	 - train set
	 - test set
	 Round: 101 |Train Loss: 0.06970 |Train RMSE: 0.25276 |Eval-train Time: 4.986
	 -----: 101 |Test  Loss: 0.07221 |Test  RMSE: 0.19064 |Eval-test  Time: 1.269
	 -----: Time: 50.275
	 -----: Total Time: 66.040
Round: 200 |Train Time: 110.285
>>>>>>>>>> Evaluating
	 - train set
	 - test set
	 Round: 201 |Train Loss: 0.06939 |Train RMSE: 0.25192 |Eval-train Time: 52.630
	 -----: 201 |Test  Loss: 0.07191 |Test  RMSE: 0.18982 |Eval-test  Time: 12.122
	 -----: Time: 169.813
	 -----: Total Time: 235.853
Round: 300 |Train Time: 199.299
>>>>>>>>>> Evaluating
	 - train set
	 - test set
	 Round: 301 |Train Loss: 0.06938 |Train RMSE: 0.25155 |Eval-train Time: 75.542
	 -----: 301 |Test  Loss: 0.07192 |Test  RMSE: 0.18998 |Eval-test  Time: 7.507
	 -----: Time: 218.345
	 -----: Total Time: 454.198
Round: 400 |Train Time: 158.926
>>>>>>>>>> Evaluating
	 - train set
	 - test set
	 Round: 401 |Train Loss: 0.06936 |Train RMSE: 0.25176 |Eval-train Time: 44.925
	 -----: 401 |Test  Loss: 0.07189 |Test  RMSE: 0.18973 |Eval-test  Time: 11.506
	 -----: Time: 130.817
	 -----: Total Time: 585.015
Round: 500 |Train Time: 159.951
>>>>>>>>>> Evaluating
	 - train set
	 - test set
