Run experiment in sequential setting..
Namespace(architecture='ring', beta_supp=1.0, bz_test=32, bz_train=32, decay='sqrt', device='cuda', experiment='driving_gazebo', fit_by_epoch=False, local_steps=1, log_freq=40, lr=0.0001, model='FADNet_plus', n_rounds=3300, network_name='gaia', num_workers=11, optimizer='adam', random_ring_proba=0.5, save_logg_path='', test=False)
>>>>>>>>>> start time: Sun Nov 17 19:34:41 2024
- Loading: > driving_gazebo < dataset from: data/driving_gazebo/gaia/train/train.npz
Loading data from data/driving_gazebo/gaia/train/train.npz...
Filenames:  (23390,)
Ground truths:  (23390,)
Done!
- Loading: > driving_gazebo < dataset from: data/driving_gazebo/gaia/test/test.npz
Loading data from data/driving_gazebo/gaia/test/test.npz...
Filenames:  (10130,)
Ground truths:  (10130,)
Done!
>>>>>>>>>> Loading worker-datasets
	 + Loading: > driving_gazebo < dataset from: data/driving_gazebo/gaia/train/0.npz
Loading data from data/driving_gazebo/gaia/train/0.npz...
Filenames:  (2144,)
Ground truths:  (2144,)
Done!
	 + Loading: > driving_gazebo < dataset from: data/driving_gazebo/gaia/train/1.npz
Loading data from data/driving_gazebo/gaia/train/1.npz...
Filenames:  (2145,)
Ground truths:  (2145,)
Done!
	 + Loading: > driving_gazebo < dataset from: data/driving_gazebo/gaia/train/2.npz
Loading data from data/driving_gazebo/gaia/train/2.npz...
Filenames:  (2140,)
Ground truths:  (2140,)
Done!
	 + Loading: > driving_gazebo < dataset from: data/driving_gazebo/gaia/train/3.npz
Loading data from data/driving_gazebo/gaia/train/3.npz...
Filenames:  (2150,)
Ground truths:  (2150,)
Done!
	 + Loading: > driving_gazebo < dataset from: data/driving_gazebo/gaia/train/4.npz
Loading data from data/driving_gazebo/gaia/train/4.npz...
Filenames:  (2158,)
Ground truths:  (2158,)
Done!
	 + Loading: > driving_gazebo < dataset from: data/driving_gazebo/gaia/train/5.npz
Loading data from data/driving_gazebo/gaia/train/5.npz...
Filenames:  (2150,)
Ground truths:  (2150,)
Done!
	 + Loading: > driving_gazebo < dataset from: data/driving_gazebo/gaia/train/6.npz
Loading data from data/driving_gazebo/gaia/train/6.npz...
Filenames:  (2138,)
Ground truths:  (2138,)
Done!
	 + Loading: > driving_gazebo < dataset from: data/driving_gazebo/gaia/train/7.npz
Loading data from data/driving_gazebo/gaia/train/7.npz...
Filenames:  (2142,)
Ground truths:  (2142,)
Done!
	 + Loading: > driving_gazebo < dataset from: data/driving_gazebo/gaia/train/8.npz
Loading data from data/driving_gazebo/gaia/train/8.npz...
Filenames:  (2138,)
Ground truths:  (2138,)
Done!
	 + Loading: > driving_gazebo < dataset from: data/driving_gazebo/gaia/train/9.npz
Loading data from data/driving_gazebo/gaia/train/9.npz...
Filenames:  (2045,)
Ground truths:  (2045,)
Done!
	 + Loading: > driving_gazebo < dataset from: data/driving_gazebo/gaia/train/10.npz
Loading data from data/driving_gazebo/gaia/train/10.npz...
Filenames:  (2040,)
Ground truths:  (2040,)
Done!
>>>>>>>>>> Network Architecture
FADNet_plus(
  (conv1): Conv2d(1, 32, kernel_size=(5, 5), stride=(2, 2))
  (max_pool1): MaxPool2d(kernel_size=(3, 3), stride=2, padding=0, dilation=1, ceil_mode=False)
  (res_block1): Sequential(
    (batch_norm): BatchNorm2d(32, eps=1e-05, momentum=0.1, affine=True, track_running_stats=True)
    (relu): ReLU()
    (conv2d): Conv2d(32, 32, kernel_size=(3, 3), stride=(2, 2))
    (batch_norm_1): BatchNorm2d(32, eps=1e-05, momentum=0.1, affine=True, track_running_stats=True)
    (relu_1): ReLU()
    (conv2d_2): Conv2d(32, 32, kernel_size=(3, 3), stride=(1, 1))
  )
  (conv2): Conv2d(32, 256, kernel_size=(1, 1), stride=(7, 7))
  (res_block2): Sequential(
    (batch_norm): BatchNorm2d(32, eps=1e-05, momentum=0.1, affine=True, track_running_stats=True)
    (relu): ReLU()
    (conv2d): Conv2d(32, 64, kernel_size=(3, 3), stride=(2, 2))
    (batch_norm_1): BatchNorm2d(64, eps=1e-05, momentum=0.1, affine=True, track_running_stats=True)
    (relu_1): ReLU()
    (conv2d_2): Conv2d(64, 64, kernel_size=(3, 3), stride=(1, 1))
  )
  (conv3): Conv2d(32, 256, kernel_size=(1, 1), stride=(4, 4))
  (res_block3): Sequential(
    (batch_norm): BatchNorm2d(64, eps=1e-05, momentum=0.1, affine=True, track_running_stats=True)
    (relu): ReLU()
    (conv2d): Conv2d(64, 128, kernel_size=(3, 3), stride=(2, 2))
    (batch_norm_1): BatchNorm2d(128, eps=1e-05, momentum=0.1, affine=True, track_running_stats=True)
    (relu_1): ReLU()
    (conv2d_2): Conv2d(128, 128, kernel_size=(3, 3), stride=(1, 1))
  )
  (conv4): Conv2d(64, 256, kernel_size=(1, 1), stride=(2, 2))
  (dropout): Dropout2d(p=0.5, inplace=False)
  (relu): ReLU()
  (fc_feature): Linear(in_features=3, out_features=1, bias=True)
  (fc): Linear(in_features=6272, out_features=1, bias=True)
)
nParams=	336709
>>>>>>>>>> Evaluating
	 - train set
	 - test set
	 Round: 0 |Train Loss: 3.07023 |Train RMSE: 1.74276 |Eval-train Time: 55.868
	 -----: 0 |Test  Loss: 3.53071 |Test  RMSE: 1.66125 |Eval-test  Time: 23.868
	 -----: Time: 82.183
	 -----: Total Time: 82.183
Round: 0 |Train Time: 0.988
>>>>>>>>>> Evaluating
	 - train set
	 - test set
	 Round: 41 |Train Loss: 0.05623 |Train RMSE: 0.23473 |Eval-train Time: 55.724
	 -----: 41 |Test  Loss: 0.06846 |Test  RMSE: 0.23652 |Eval-test  Time: 23.741
	 -----: Time: 121.765
	 -----: Total Time: 203.948
>>>>>>>>>> Evaluating
	 - train set
	 - test set
	 Round: 81 |Train Loss: 0.03363 |Train RMSE: 0.18137 |Eval-train Time: 55.747
	 -----: 81 |Test  Loss: 0.04207 |Test  RMSE: 0.18424 |Eval-test  Time: 23.849
	 -----: Time: 119.700
	 -----: Total Time: 323.649
Round: 100 |Train Time: 259.763
>>>>>>>>>> Evaluating
	 - train set
	 - test set
	 Round: 121 |Train Loss: 0.02287 |Train RMSE: 0.14931 |Eval-train Time: 55.603
	 -----: 121 |Test  Loss: 0.02834 |Test  RMSE: 0.15089 |Eval-test  Time: 23.902
	 -----: Time: 120.121
	 -----: Total Time: 443.770
>>>>>>>>>> Evaluating
	 - train set
	 - test set
	 Round: 161 |Train Loss: 0.01775 |Train RMSE: 0.13161 |Eval-train Time: 55.800
	 -----: 161 |Test  Loss: 0.02133 |Test  RMSE: 0.13037 |Eval-test  Time: 24.217
	 -----: Time: 120.297
	 -----: Total Time: 564.067
Round: 200 |Train Time: 260.327
>>>>>>>>>> Evaluating
	 - train set
	 - test set
	 Round: 201 |Train Loss: 0.01571 |Train RMSE: 0.12374 |Eval-train Time: 55.716
	 -----: 201 |Test  Loss: 0.01822 |Test  RMSE: 0.11990 |Eval-test  Time: 23.945
	 -----: Time: 119.917
	 -----: Total Time: 683.984
>>>>>>>>>> Evaluating
	 - train set
	 - test set
	 Round: 241 |Train Loss: 0.01320 |Train RMSE: 0.11308 |Eval-train Time: 55.599
	 -----: 241 |Test  Loss: 0.01497 |Test  RMSE: 0.10792 |Eval-test  Time: 23.744
	 -----: Time: 119.815
	 -----: Total Time: 803.799
>>>>>>>>>> Evaluating
	 - train set
	 - test set
	 Round: 281 |Train Loss: 0.01163 |Train RMSE: 0.10595 |Eval-train Time: 55.688
	 -----: 281 |Test  Loss: 0.01294 |Test  RMSE: 0.09954 |Eval-test  Time: 24.065
	 -----: Time: 120.013
	 -----: Total Time: 923.812
Round: 300 |Train Time: 339.888
>>>>>>>>>> Evaluating
	 - train set
	 - test set
	 Round: 321 |Train Loss: 0.01077 |Train RMSE: 0.10189 |Eval-train Time: 55.650
	 -----: 321 |Test  Loss: 0.01193 |Test  RMSE: 0.09498 |Eval-test  Time: 23.670
	 -----: Time: 119.644
	 -----: Total Time: 1043.456
>>>>>>>>>> Evaluating
	 - train set
	 - test set
	 Round: 361 |Train Loss: 0.01043 |Train RMSE: 0.10028 |Eval-train Time: 56.075
	 -----: 361 |Test  Loss: 0.01144 |Test  RMSE: 0.09264 |Eval-test  Time: 23.932
	 -----: Time: 120.499
	 -----: Total Time: 1163.956
Round: 400 |Train Time: 260.304
>>>>>>>>>> Evaluating
	 - train set
	 - test set
	 Round: 401 |Train Loss: 0.01042 |Train RMSE: 0.10029 |Eval-train Time: 55.704
	 -----: 401 |Test  Loss: 0.01124 |Test  RMSE: 0.09175 |Eval-test  Time: 23.888
	 -----: Time: 120.097
	 -----: Total Time: 1284.053
>>>>>>>>>> Evaluating
	 - train set
	 - test set
	 Round: 441 |Train Loss: 0.01015 |Train RMSE: 0.09893 |Eval-train Time: 55.336
	 -----: 441 |Test  Loss: 0.01085 |Test  RMSE: 0.08997 |Eval-test  Time: 24.132
	 -----: Time: 119.971
	 -----: Total Time: 1404.024
>>>>>>>>>> Evaluating
	 - train set
	 - test set
	 Round: 481 |Train Loss: 0.01007 |Train RMSE: 0.09842 |Eval-train Time: 55.855
	 -----: 481 |Test  Loss: 0.01073 |Test  RMSE: 0.08954 |Eval-test  Time: 23.797
	 -----: Time: 120.109
	 -----: Total Time: 1524.133
Round: 500 |Train Time: 339.915
>>>>>>>>>> Evaluating
	 - train set
	 - test set
	 Round: 521 |Train Loss: 0.00971 |Train RMSE: 0.09678 |Eval-train Time: 55.373
	 -----: 521 |Test  Loss: 0.01033 |Test  RMSE: 0.08750 |Eval-test  Time: 23.962
	 -----: Time: 119.505
	 -----: Total Time: 1643.638
>>>>>>>>>> Evaluating
	 - train set
	 - test set
	 Round: 561 |Train Loss: 0.00952 |Train RMSE: 0.09565 |Eval-train Time: 55.968
	 -----: 561 |Test  Loss: 0.01012 |Test  RMSE: 0.08644 |Eval-test  Time: 24.228
	 -----: Time: 120.460
	 -----: Total Time: 1764.098
Round: 600 |Train Time: 260.052
>>>>>>>>>> Evaluating
	 - train set
	 - test set
	 Round: 601 |Train Loss: 0.00949 |Train RMSE: 0.09544 |Eval-train Time: 55.743
	 -----: 601 |Test  Loss: 0.01010 |Test  RMSE: 0.08634 |Eval-test  Time: 23.988
	 -----: Time: 120.079
	 -----: Total Time: 1884.177
>>>>>>>>>> Evaluating
	 - train set
	 - test set
	 Round: 641 |Train Loss: 0.00944 |Train RMSE: 0.09520 |Eval-train Time: 55.732
	 -----: 641 |Test  Loss: 0.01002 |Test  RMSE: 0.08601 |Eval-test  Time: 23.855
	 -----: Time: 120.066
	 -----: Total Time: 2004.243
>>>>>>>>>> Evaluating
	 - train set
	 - test set
	 Round: 681 |Train Loss: 0.00941 |Train RMSE: 0.09497 |Eval-train Time: 56.194
	 -----: 681 |Test  Loss: 0.00999 |Test  RMSE: 0.08589 |Eval-test  Time: 23.893
	 -----: Time: 120.575
	 -----: Total Time: 2124.818
Round: 700 |Train Time: 340.679
>>>>>>>>>> Evaluating
	 - train set
	 - test set
	 Round: 721 |Train Loss: 0.00927 |Train RMSE: 0.09439 |Eval-train Time: 55.533
	 -----: 721 |Test  Loss: 0.00984 |Test  RMSE: 0.08506 |Eval-test  Time: 23.922
	 -----: Time: 119.769
	 -----: Total Time: 2244.587
>>>>>>>>>> Evaluating
	 - train set
	 - test set
	 Round: 761 |Train Loss: 0.00911 |Train RMSE: 0.09346 |Eval-train Time: 55.654
	 -----: 761 |Test  Loss: 0.00966 |Test  RMSE: 0.08404 |Eval-test  Time: 24.139
	 -----: Time: 120.063
	 -----: Total Time: 2364.650
Round: 800 |Train Time: 259.716
>>>>>>>>>> Evaluating
	 - train set
	 - test set
	 Round: 801 |Train Loss: 0.00888 |Train RMSE: 0.09213 |Eval-train Time: 55.775
	 -----: 801 |Test  Loss: 0.00943 |Test  RMSE: 0.08266 |Eval-test  Time: 24.092
	 -----: Time: 120.065
	 -----: Total Time: 2484.715
>>>>>>>>>> Evaluating
	 - train set
	 - test set
	 Round: 841 |Train Loss: 0.00865 |Train RMSE: 0.09092 |Eval-train Time: 55.575
	 -----: 841 |Test  Loss: 0.00918 |Test  RMSE: 0.08119 |Eval-test  Time: 23.909
	 -----: Time: 119.725
	 -----: Total Time: 2604.440
>>>>>>>>>> Evaluating
	 - train set
	 - test set
	 Round: 881 |Train Loss: 0.00850 |Train RMSE: 0.09010 |Eval-train Time: 56.011
	 -----: 881 |Test  Loss: 0.00903 |Test  RMSE: 0.08028 |Eval-test  Time: 24.015
	 -----: Time: 120.056
	 -----: Total Time: 2724.496
Round: 900 |Train Time: 339.798
>>>>>>>>>> Evaluating
	 - train set
	 - test set
	 Round: 921 |Train Loss: 0.00836 |Train RMSE: 0.08910 |Eval-train Time: 55.716
	 -----: 921 |Test  Loss: 0.00888 |Test  RMSE: 0.07935 |Eval-test  Time: 23.905
	 -----: Time: 119.857
	 -----: Total Time: 2844.353
>>>>>>>>>> Evaluating
	 - train set
	 - test set
	 Round: 961 |Train Loss: 0.00818 |Train RMSE: 0.08839 |Eval-train Time: 55.818
	 -----: 961 |Test  Loss: 0.00871 |Test  RMSE: 0.07821 |Eval-test  Time: 23.778
	 -----: Time: 120.265
	 -----: Total Time: 2964.618
Round: 1000 |Train Time: 260.543
>>>>>>>>>> Evaluating
	 - train set
	 - test set
	 Round: 1001 |Train Loss: 0.00803 |Train RMSE: 0.08737 |Eval-train Time: 55.482
	 -----: 1001 |Test  Loss: 0.00855 |Test  RMSE: 0.07717 |Eval-test  Time: 23.964
	 -----: Time: 120.063
	 -----: Total Time: 3084.681
>>>>>>>>>> Evaluating
	 - train set
	 - test set
	 Round: 1041 |Train Loss: 0.00792 |Train RMSE: 0.08674 |Eval-train Time: 55.651
	 -----: 1041 |Test  Loss: 0.00844 |Test  RMSE: 0.07643 |Eval-test  Time: 23.910
	 -----: Time: 119.655
	 -----: Total Time: 3204.336
>>>>>>>>>> Evaluating
	 - train set
	 - test set
	 Round: 1081 |Train Loss: 0.00778 |Train RMSE: 0.08577 |Eval-train Time: 55.497
	 -----: 1081 |Test  Loss: 0.00830 |Test  RMSE: 0.07547 |Eval-test  Time: 23.921
	 -----: Time: 119.956
	 -----: Total Time: 3324.292
Round: 1100 |Train Time: 339.276
>>>>>>>>>> Evaluating
	 - train set
	 - test set
	 Round: 1121 |Train Loss: 0.00769 |Train RMSE: 0.08530 |Eval-train Time: 55.418
	 -----: 1121 |Test  Loss: 0.00820 |Test  RMSE: 0.07483 |Eval-test  Time: 23.808
	 -----: Time: 119.720
	 -----: Total Time: 3444.012
>>>>>>>>>> Evaluating
	 - train set
	 - test set
	 Round: 1161 |Train Loss: 0.00761 |Train RMSE: 0.08483 |Eval-train Time: 55.839
	 -----: 1161 |Test  Loss: 0.00813 |Test  RMSE: 0.07430 |Eval-test  Time: 23.677
	 -----: Time: 119.718
	 -----: Total Time: 3563.731
Round: 1200 |Train Time: 259.437
>>>>>>>>>> Evaluating
	 - train set
	 - test set
	 Round: 1201 |Train Loss: 0.00750 |Train RMSE: 0.08405 |Eval-train Time: 55.389
	 -----: 1201 |Test  Loss: 0.00801 |Test  RMSE: 0.07342 |Eval-test  Time: 24.027
	 -----: Time: 119.584
	 -----: Total Time: 3683.314
>>>>>>>>>> Evaluating
	 - train set
	 - test set
	 Round: 1241 |Train Loss: 0.00740 |Train RMSE: 0.08344 |Eval-train Time: 55.584
	 -----: 1241 |Test  Loss: 0.00791 |Test  RMSE: 0.07268 |Eval-test  Time: 23.999
	 -----: Time: 120.065
	 -----: Total Time: 3803.380
>>>>>>>>>> Evaluating
	 - train set
	 - test set
	 Round: 1281 |Train Loss: 0.00737 |Train RMSE: 0.08325 |Eval-train Time: 55.330
	 -----: 1281 |Test  Loss: 0.00787 |Test  RMSE: 0.07238 |Eval-test  Time: 24.044
	 -----: Time: 119.683
	 -----: Total Time: 3923.063
Round: 1300 |Train Time: 339.466
>>>>>>>>>> Evaluating
	 - train set
	 - test set
	 Round: 1321 |Train Loss: 0.00730 |Train RMSE: 0.08284 |Eval-train Time: 55.569
	 -----: 1321 |Test  Loss: 0.00780 |Test  RMSE: 0.07187 |Eval-test  Time: 23.916
	 -----: Time: 120.282
	 -----: Total Time: 4043.345
>>>>>>>>>> Evaluating
	 - train set
	 - test set
	 Round: 1361 |Train Loss: 0.00724 |Train RMSE: 0.08241 |Eval-train Time: 55.593
	 -----: 1361 |Test  Loss: 0.00773 |Test  RMSE: 0.07134 |Eval-test  Time: 23.984
	 -----: Time: 119.789
	 -----: Total Time: 4163.135
Round: 1400 |Train Time: 259.831
>>>>>>>>>> Evaluating
	 - train set
	 - test set
	 Round: 1401 |Train Loss: 0.00717 |Train RMSE: 0.08188 |Eval-train Time: 55.645
	 -----: 1401 |Test  Loss: 0.00766 |Test  RMSE: 0.07075 |Eval-test  Time: 23.940
	 -----: Time: 119.685
	 -----: Total Time: 4282.819
>>>>>>>>>> Evaluating
	 - train set
	 - test set
	 Round: 1441 |Train Loss: 0.00710 |Train RMSE: 0.08154 |Eval-train Time: 55.792
	 -----: 1441 |Test  Loss: 0.00759 |Test  RMSE: 0.07019 |Eval-test  Time: 24.131
	 -----: Time: 119.848
	 -----: Total Time: 4402.667
>>>>>>>>>> Evaluating
	 - train set
	 - test set
	 Round: 1481 |Train Loss: 0.00704 |Train RMSE: 0.08117 |Eval-train Time: 55.886
	 -----: 1481 |Test  Loss: 0.00753 |Test  RMSE: 0.06965 |Eval-test  Time: 23.913
	 -----: Time: 120.061
	 -----: Total Time: 4522.728
Round: 1500 |Train Time: 339.681
>>>>>>>>>> Evaluating
	 - train set
	 - test set
	 Round: 1521 |Train Loss: 0.00700 |Train RMSE: 0.08085 |Eval-train Time: 55.729
	 -----: 1521 |Test  Loss: 0.00749 |Test  RMSE: 0.06929 |Eval-test  Time: 23.856
	 -----: Time: 119.714
	 -----: Total Time: 4642.443
>>>>>>>>>> Evaluating
	 - train set
	 - test set
	 Round: 1561 |Train Loss: 0.00695 |Train RMSE: 0.08045 |Eval-train Time: 55.696
	 -----: 1561 |Test  Loss: 0.00743 |Test  RMSE: 0.06884 |Eval-test  Time: 23.974
	 -----: Time: 119.920
	 -----: Total Time: 4762.362
Round: 1600 |Train Time: 260.051
>>>>>>>>>> Evaluating
	 - train set
	 - test set
	 Round: 1601 |Train Loss: 0.00690 |Train RMSE: 0.08008 |Eval-train Time: 55.588
	 -----: 1601 |Test  Loss: 0.00738 |Test  RMSE: 0.06840 |Eval-test  Time: 24.072
	 -----: Time: 120.198
	 -----: Total Time: 4882.561
>>>>>>>>>> Evaluating
	 - train set
	 - test set
	 Round: 1641 |Train Loss: 0.00685 |Train RMSE: 0.07999 |Eval-train Time: 55.329
	 -----: 1641 |Test  Loss: 0.00733 |Test  RMSE: 0.06790 |Eval-test  Time: 23.899
	 -----: Time: 119.565
	 -----: Total Time: 5002.126
>>>>>>>>>> Evaluating
	 - train set
	 - test set
	 Round: 1681 |Train Loss: 0.00682 |Train RMSE: 0.07987 |Eval-train Time: 55.874
	 -----: 1681 |Test  Loss: 0.00730 |Test  RMSE: 0.06763 |Eval-test  Time: 24.103
	 -----: Time: 120.270
	 -----: Total Time: 5122.396
Round: 1700 |Train Time: 339.620
>>>>>>>>>> Evaluating
	 - train set
	 - test set
	 Round: 1721 |Train Loss: 0.00679 |Train RMSE: 0.07946 |Eval-train Time: 55.822
	 -----: 1721 |Test  Loss: 0.00726 |Test  RMSE: 0.06731 |Eval-test  Time: 24.004
	 -----: Time: 120.460
	 -----: Total Time: 5242.856
>>>>>>>>>> Evaluating
	 - train set
	 - test set
	 Round: 1761 |Train Loss: 0.00677 |Train RMSE: 0.07942 |Eval-train Time: 55.517
	 -----: 1761 |Test  Loss: 0.00724 |Test  RMSE: 0.06716 |Eval-test  Time: 23.970
	 -----: Time: 119.711
	 -----: Total Time: 5362.568
Round: 1800 |Train Time: 260.125
>>>>>>>>>> Evaluating
	 - train set
	 - test set
	 Round: 1801 |Train Loss: 0.00673 |Train RMSE: 0.07927 |Eval-train Time: 55.793
	 -----: 1801 |Test  Loss: 0.00721 |Test  RMSE: 0.06680 |Eval-test  Time: 23.988
	 -----: Time: 119.872
	 -----: Total Time: 5482.440
>>>>>>>>>> Evaluating
	 - train set
	 - test set
	 Round: 1841 |Train Loss: 0.00670 |Train RMSE: 0.07901 |Eval-train Time: 56.352
	 -----: 1841 |Test  Loss: 0.00718 |Test  RMSE: 0.06652 |Eval-test  Time: 23.818
	 -----: Time: 120.711
	 -----: Total Time: 5603.151
>>>>>>>>>> Evaluating
	 - train set
	 - test set
	 Round: 1881 |Train Loss: 0.00667 |Train RMSE: 0.07854 |Eval-train Time: 55.764
	 -----: 1881 |Test  Loss: 0.00714 |Test  RMSE: 0.06621 |Eval-test  Time: 24.052
	 -----: Time: 120.099
	 -----: Total Time: 5723.250
Round: 1900 |Train Time: 340.773
>>>>>>>>>> Evaluating
	 - train set
	 - test set
	 Round: 1921 |Train Loss: 0.00665 |Train RMSE: 0.07860 |Eval-train Time: 55.911
	 -----: 1921 |Test  Loss: 0.00712 |Test  RMSE: 0.06599 |Eval-test  Time: 24.096
	 -----: Time: 120.460
	 -----: Total Time: 5843.710
>>>>>>>>>> Evaluating
	 - train set
	 - test set
	 Round: 1961 |Train Loss: 0.00663 |Train RMSE: 0.07839 |Eval-train Time: 55.972
	 -----: 1961 |Test  Loss: 0.00710 |Test  RMSE: 0.06575 |Eval-test  Time: 23.956
	 -----: Time: 120.298
	 -----: Total Time: 5964.008
Round: 2000 |Train Time: 260.829
>>>>>>>>>> Evaluating
	 - train set
	 - test set
	 Round: 2001 |Train Loss: 0.00661 |Train RMSE: 0.07827 |Eval-train Time: 55.793
	 -----: 2001 |Test  Loss: 0.00707 |Test  RMSE: 0.06552 |Eval-test  Time: 23.862
	 -----: Time: 119.951
	 -----: Total Time: 6083.959
>>>>>>>>>> Evaluating
	 - train set
	 - test set
	 Round: 2041 |Train Loss: 0.00658 |Train RMSE: 0.07823 |Eval-train Time: 55.824
	 -----: 2041 |Test  Loss: 0.00705 |Test  RMSE: 0.06526 |Eval-test  Time: 29.004
	 -----: Time: 124.782
	 -----: Total Time: 6208.742
>>>>>>>>>> Evaluating
	 - train set
	 - test set
	 Round: 2081 |Train Loss: 0.00657 |Train RMSE: 0.07807 |Eval-train Time: 72.156
	 -----: 2081 |Test  Loss: 0.00704 |Test  RMSE: 0.06513 |Eval-test  Time: 30.518
	 -----: Time: 151.932
	 -----: Total Time: 6360.674
Round: 2100 |Train Time: 381.708
>>>>>>>>>> Evaluating
	 - train set
	 - test set
	 Round: 2121 |Train Loss: 0.00655 |Train RMSE: 0.07778 |Eval-train Time: 56.028
	 -----: 2121 |Test  Loss: 0.00702 |Test  RMSE: 0.06496 |Eval-test  Time: 23.832
	 -----: Time: 126.165
	 -----: Total Time: 6486.839
>>>>>>>>>> Evaluating
	 - train set
	 - test set
	 Round: 2161 |Train Loss: 0.00654 |Train RMSE: 0.07789 |Eval-train Time: 55.611
	 -----: 2161 |Test  Loss: 0.00701 |Test  RMSE: 0.06486 |Eval-test  Time: 24.039
	 -----: Time: 119.462
	 -----: Total Time: 6606.301
Round: 2200 |Train Time: 260.760
>>>>>>>>>> Evaluating
	 - train set
	 - test set
	 Round: 2201 |Train Loss: 0.00653 |Train RMSE: 0.07768 |Eval-train Time: 55.621
	 -----: 2201 |Test  Loss: 0.00700 |Test  RMSE: 0.06474 |Eval-test  Time: 23.824
	 -----: Time: 119.934
	 -----: Total Time: 6726.235
>>>>>>>>>> Evaluating
	 - train set
	 - test set
	 Round: 2241 |Train Loss: 0.00651 |Train RMSE: 0.07762 |Eval-train Time: 55.777
	 -----: 2241 |Test  Loss: 0.00698 |Test  RMSE: 0.06455 |Eval-test  Time: 24.006
	 -----: Time: 119.807
	 -----: Total Time: 6846.042
>>>>>>>>>> Evaluating
	 - train set
	 - test set
	 Round: 2281 |Train Loss: 0.00651 |Train RMSE: 0.07742 |Eval-train Time: 55.750
	 -----: 2281 |Test  Loss: 0.00697 |Test  RMSE: 0.06445 |Eval-test  Time: 23.842
	 -----: Time: 119.859
	 -----: Total Time: 6965.900
Round: 2300 |Train Time: 339.476
>>>>>>>>>> Evaluating
	 - train set
	 - test set
	 Round: 2321 |Train Loss: 0.00649 |Train RMSE: 0.07743 |Eval-train Time: 56.148
	 -----: 2321 |Test  Loss: 0.00696 |Test  RMSE: 0.06431 |Eval-test  Time: 23.860
	 -----: Time: 120.477
	 -----: Total Time: 7086.378
>>>>>>>>>> Evaluating
	 - train set
	 - test set
	 Round: 2361 |Train Loss: 0.00649 |Train RMSE: 0.07739 |Eval-train Time: 55.955
	 -----: 2361 |Test  Loss: 0.00695 |Test  RMSE: 0.06426 |Eval-test  Time: 23.957
	 -----: Time: 120.364
	 -----: Total Time: 7206.741
Round: 2400 |Train Time: 260.913
>>>>>>>>>> Evaluating
	 - train set
	 - test set
	 Round: 2401 |Train Loss: 0.00648 |Train RMSE: 0.07731 |Eval-train Time: 55.580
	 -----: 2401 |Test  Loss: 0.00694 |Test  RMSE: 0.06413 |Eval-test  Time: 23.895
	 -----: Time: 119.883
	 -----: Total Time: 7326.624
>>>>>>>>>> Evaluating
	 - train set
	 - test set
	 Round: 2441 |Train Loss: 0.00647 |Train RMSE: 0.07750 |Eval-train Time: 56.060
	 -----: 2441 |Test  Loss: 0.00693 |Test  RMSE: 0.06403 |Eval-test  Time: 23.924
	 -----: Time: 120.303
	 -----: Total Time: 7446.927
>>>>>>>>>> Evaluating
	 - train set
	 - test set
	 Round: 2481 |Train Loss: 0.00645 |Train RMSE: 0.07714 |Eval-train Time: 55.549
	 -----: 2481 |Test  Loss: 0.00692 |Test  RMSE: 0.06387 |Eval-test  Time: 23.868
	 -----: Time: 119.897
	 -----: Total Time: 7566.824
Round: 2500 |Train Time: 339.804
>>>>>>>>>> Evaluating
	 - train set
	 - test set
	 Round: 2521 |Train Loss: 0.00644 |Train RMSE: 0.07701 |Eval-train Time: 55.461
	 -----: 2521 |Test  Loss: 0.00690 |Test  RMSE: 0.06366 |Eval-test  Time: 23.897
	 -----: Time: 119.453
	 -----: Total Time: 7686.278
>>>>>>>>>> Evaluating
	 - train set
	 - test set
	 Round: 2561 |Train Loss: 0.00643 |Train RMSE: 0.07709 |Eval-train Time: 55.837
	 -----: 2561 |Test  Loss: 0.00688 |Test  RMSE: 0.06352 |Eval-test  Time: 23.798
	 -----: Time: 120.165
	 -----: Total Time: 7806.442
Round: 2600 |Train Time: 259.905
>>>>>>>>>> Evaluating
	 - train set
	 - test set
	 Round: 2601 |Train Loss: 0.00642 |Train RMSE: 0.07687 |Eval-train Time: 55.466
	 -----: 2601 |Test  Loss: 0.00688 |Test  RMSE: 0.06347 |Eval-test  Time: 23.997
	 -----: Time: 119.887
	 -----: Total Time: 7926.329
>>>>>>>>>> Evaluating
	 - train set
	 - test set
	 Round: 2641 |Train Loss: 0.00641 |Train RMSE: 0.07696 |Eval-train Time: 55.831
	 -----: 2641 |Test  Loss: 0.00687 |Test  RMSE: 0.06339 |Eval-test  Time: 24.010
	 -----: Time: 120.207
	 -----: Total Time: 8046.537
>>>>>>>>>> Evaluating
	 - train set
	 - test set
	 Round: 2681 |Train Loss: 0.00641 |Train RMSE: 0.07679 |Eval-train Time: 55.674
	 -----: 2681 |Test  Loss: 0.00687 |Test  RMSE: 0.06332 |Eval-test  Time: 23.963
	 -----: Time: 119.741
	 -----: Total Time: 8166.278
Round: 2700 |Train Time: 339.466
>>>>>>>>>> Evaluating
	 - train set
	 - test set
	 Round: 2721 |Train Loss: 0.00640 |Train RMSE: 0.07674 |Eval-train Time: 55.847
	 -----: 2721 |Test  Loss: 0.00686 |Test  RMSE: 0.06322 |Eval-test  Time: 24.034
	 -----: Time: 119.971
	 -----: Total Time: 8286.249
>>>>>>>>>> Evaluating
	 - train set
	 - test set
	 Round: 2761 |Train Loss: 0.00639 |Train RMSE: 0.07694 |Eval-train Time: 55.873
	 -----: 2761 |Test  Loss: 0.00685 |Test  RMSE: 0.06315 |Eval-test  Time: 23.709
	 -----: Time: 120.016
	 -----: Total Time: 8406.264
Round: 2800 |Train Time: 260.165
>>>>>>>>>> Evaluating
	 - train set
	 - test set
	 Round: 2801 |Train Loss: 0.00639 |Train RMSE: 0.07679 |Eval-train Time: 55.993
	 -----: 2801 |Test  Loss: 0.00685 |Test  RMSE: 0.06311 |Eval-test  Time: 24.147
	 -----: Time: 120.307
	 -----: Total Time: 8526.571
>>>>>>>>>> Evaluating
	 - train set
	 - test set
	 Round: 2841 |Train Loss: 0.00638 |Train RMSE: 0.07655 |Eval-train Time: 55.672
	 -----: 2841 |Test  Loss: 0.00684 |Test  RMSE: 0.06299 |Eval-test  Time: 23.988
	 -----: Time: 120.157
	 -----: Total Time: 8646.728
>>>>>>>>>> Evaluating
	 - train set
	 - test set
	 Round: 2881 |Train Loss: 0.00637 |Train RMSE: 0.07668 |Eval-train Time: 55.766
	 -----: 2881 |Test  Loss: 0.00683 |Test  RMSE: 0.06289 |Eval-test  Time: 24.019
	 -----: Time: 120.449
	 -----: Total Time: 8767.177
Round: 2900 |Train Time: 341.145
>>>>>>>>>> Evaluating
	 - train set
	 - test set
	 Round: 2921 |Train Loss: 0.00637 |Train RMSE: 0.07651 |Eval-train Time: 55.676
	 -----: 2921 |Test  Loss: 0.00683 |Test  RMSE: 0.06286 |Eval-test  Time: 23.992
	 -----: Time: 120.285
	 -----: Total Time: 8887.462
>>>>>>>>>> Evaluating
	 - train set
	 - test set
	 Round: 2961 |Train Loss: 0.00636 |Train RMSE: 0.07643 |Eval-train Time: 55.987
	 -----: 2961 |Test  Loss: 0.00682 |Test  RMSE: 0.06278 |Eval-test  Time: 24.059
	 -----: Time: 120.297
	 -----: Total Time: 9007.759
Round: 3000 |Train Time: 260.534
>>>>>>>>>> Evaluating
	 - train set
	 - test set
	 Round: 3001 |Train Loss: 0.00636 |Train RMSE: 0.07659 |Eval-train Time: 55.441
	 -----: 3001 |Test  Loss: 0.00682 |Test  RMSE: 0.06277 |Eval-test  Time: 24.042
	 -----: Time: 119.870
	 -----: Total Time: 9127.630
>>>>>>>>>> Evaluating
	 - train set
	 - test set
	 Round: 3041 |Train Loss: 0.00636 |Train RMSE: 0.07645 |Eval-train Time: 55.751
	 -----: 3041 |Test  Loss: 0.00681 |Test  RMSE: 0.06273 |Eval-test  Time: 23.942
	 -----: Time: 119.806
	 -----: Total Time: 9247.436
>>>>>>>>>> Evaluating
	 - train set
	 - test set
	 Round: 3081 |Train Loss: 0.00635 |Train RMSE: 0.07657 |Eval-train Time: 55.704
	 -----: 3081 |Test  Loss: 0.00681 |Test  RMSE: 0.06265 |Eval-test  Time: 23.825
	 -----: Time: 120.027
	 -----: Total Time: 9367.462
Round: 3100 |Train Time: 339.284
>>>>>>>>>> Evaluating
	 - train set
	 - test set
	 Round: 3121 |Train Loss: 0.00634 |Train RMSE: 0.07630 |Eval-train Time: 55.620
	 -----: 3121 |Test  Loss: 0.00679 |Test  RMSE: 0.06252 |Eval-test  Time: 24.100
	 -----: Time: 119.841
	 -----: Total Time: 9487.303
>>>>>>>>>> Evaluating
	 - train set
	 - test set
	 Round: 3161 |Train Loss: 0.00634 |Train RMSE: 0.07664 |Eval-train Time: 55.633
	 -----: 3161 |Test  Loss: 0.00679 |Test  RMSE: 0.06248 |Eval-test  Time: 23.857
	 -----: Time: 119.907
	 -----: Total Time: 9607.211
Round: 3200 |Train Time: 260.413
>>>>>>>>>> Evaluating
	 - train set
	 - test set
	 Round: 3201 |Train Loss: 0.00634 |Train RMSE: 0.07637 |Eval-train Time: 55.467
	 -----: 3201 |Test  Loss: 0.00679 |Test  RMSE: 0.06243 |Eval-test  Time: 23.744
	 -----: Time: 119.845
	 -----: Total Time: 9727.055
>>>>>>>>>> Evaluating
	 - train set
	 - test set
	 Round: 3241 |Train Loss: 0.00633 |Train RMSE: 0.07652 |Eval-train Time: 55.950
	 -----: 3241 |Test  Loss: 0.00678 |Test  RMSE: 0.06234 |Eval-test  Time: 24.156
	 -----: Time: 120.195
	 -----: Total Time: 9847.251
>>>>>>>>>> Evaluating
	 - train set
	 - test set
	 Round: 3281 |Train Loss: 0.00633 |Train RMSE: 0.07636 |Eval-train Time: 55.839
	 -----: 3281 |Test  Loss: 0.00678 |Test  RMSE: 0.06234 |Eval-test  Time: 23.755
	 -----: Time: 120.033
	 -----: Total Time: 9967.284
>>>>>>>>>> Evaluating
	 - train set
	 - test set
	 Round: 3300 |Train Loss: 0.00633 |Train RMSE: 0.07636 |Eval-train Time: 56.034
	 -----: 3300 |Test  Loss: 0.00678 |Test  RMSE: 0.06234 |Eval-test  Time: 23.854
	 -----: Time: 98.185
	 -----: Total Time: 10065.469
