Run experiment in sequential setting..
Namespace(architecture='ring', bz_test=32, bz_train=32, decay='sqrt', device='cuda', experiment='driving_gazebo', fit_by_epoch=False, local_steps=1, log_freq=40, lr=0.0001, model='FADNet_plus', n_rounds=1000, network_name='gaia', num_workers=11, optimizer='adam', random_ring_proba=0.5, save_logg_path='', test=False)
>>>>>>>>>> start time: Fri Nov 15 01:45:45 2024
- Loading: > driving_gazebo < dataset from: data/driving_gazebo/gaia/train/train.npz
Loading data from data/driving_gazebo/gaia/train/train.npz...
Filenames:  (23390,)
Ground truths:  (23390,)
Done!
- Loading: > driving_gazebo < dataset from: data/driving_gazebo/gaia/test/test.npz
Loading data from data/driving_gazebo/gaia/test/test.npz...
Filenames:  (10130,)
Ground truths:  (10130,)
Done!
>>>>>>>>>> Loading worker-datasets
	 + Loading: > driving_gazebo < dataset from: data/driving_gazebo/gaia/train/0.npz
Loading data from data/driving_gazebo/gaia/train/0.npz...
Filenames:  (2144,)
Ground truths:  (2144,)
Done!
	 + Loading: > driving_gazebo < dataset from: data/driving_gazebo/gaia/train/1.npz
Loading data from data/driving_gazebo/gaia/train/1.npz...
Filenames:  (2145,)
Ground truths:  (2145,)
Done!
	 + Loading: > driving_gazebo < dataset from: data/driving_gazebo/gaia/train/2.npz
Loading data from data/driving_gazebo/gaia/train/2.npz...
Filenames:  (2140,)
Ground truths:  (2140,)
Done!
	 + Loading: > driving_gazebo < dataset from: data/driving_gazebo/gaia/train/3.npz
Loading data from data/driving_gazebo/gaia/train/3.npz...
Filenames:  (2150,)
Ground truths:  (2150,)
Done!
	 + Loading: > driving_gazebo < dataset from: data/driving_gazebo/gaia/train/4.npz
Loading data from data/driving_gazebo/gaia/train/4.npz...
Filenames:  (2158,)
Ground truths:  (2158,)
Done!
	 + Loading: > driving_gazebo < dataset from: data/driving_gazebo/gaia/train/5.npz
Loading data from data/driving_gazebo/gaia/train/5.npz...
Filenames:  (2150,)
Ground truths:  (2150,)
Done!
	 + Loading: > driving_gazebo < dataset from: data/driving_gazebo/gaia/train/6.npz
Loading data from data/driving_gazebo/gaia/train/6.npz...
Filenames:  (2138,)
Ground truths:  (2138,)
Done!
	 + Loading: > driving_gazebo < dataset from: data/driving_gazebo/gaia/train/7.npz
Loading data from data/driving_gazebo/gaia/train/7.npz...
Filenames:  (2142,)
Ground truths:  (2142,)
Done!
	 + Loading: > driving_gazebo < dataset from: data/driving_gazebo/gaia/train/8.npz
Loading data from data/driving_gazebo/gaia/train/8.npz...
Filenames:  (2138,)
Ground truths:  (2138,)
Done!
	 + Loading: > driving_gazebo < dataset from: data/driving_gazebo/gaia/train/9.npz
Loading data from data/driving_gazebo/gaia/train/9.npz...
Filenames:  (2045,)
Ground truths:  (2045,)
Done!
	 + Loading: > driving_gazebo < dataset from: data/driving_gazebo/gaia/train/10.npz
Loading data from data/driving_gazebo/gaia/train/10.npz...
Filenames:  (2040,)
Ground truths:  (2040,)
Done!
>>>>>>>>>> Network Architecture
FADNet_plus(
  (conv1): Conv2d(1, 32, kernel_size=(5, 5), stride=(2, 2))
  (max_pool1): MaxPool2d(kernel_size=(3, 3), stride=2, padding=0, dilation=1, ceil_mode=False)
  (res_block1): Sequential(
    (batch_norm): BatchNorm2d(32, eps=1e-05, momentum=0.1, affine=True, track_running_stats=True)
    (relu): ReLU()
    (conv2d): Conv2d(32, 32, kernel_size=(3, 3), stride=(2, 2))
    (batch_norm_1): BatchNorm2d(32, eps=1e-05, momentum=0.1, affine=True, track_running_stats=True)
    (relu_1): ReLU()
    (conv2d_2): Conv2d(32, 32, kernel_size=(3, 3), stride=(1, 1))
  )
  (conv2): Conv2d(32, 256, kernel_size=(1, 1), stride=(7, 7))
  (res_block2): Sequential(
    (batch_norm): BatchNorm2d(32, eps=1e-05, momentum=0.1, affine=True, track_running_stats=True)
    (relu): ReLU()
    (conv2d): Conv2d(32, 64, kernel_size=(3, 3), stride=(2, 2))
    (batch_norm_1): BatchNorm2d(64, eps=1e-05, momentum=0.1, affine=True, track_running_stats=True)
    (relu_1): ReLU()
    (conv2d_2): Conv2d(64, 64, kernel_size=(3, 3), stride=(1, 1))
  )
  (conv3): Conv2d(32, 256, kernel_size=(1, 1), stride=(4, 4))
  (res_block3): Sequential(
    (batch_norm): BatchNorm2d(64, eps=1e-05, momentum=0.1, affine=True, track_running_stats=True)
    (relu): ReLU()
    (conv2d): Conv2d(64, 128, kernel_size=(3, 3), stride=(2, 2))
    (batch_norm_1): BatchNorm2d(128, eps=1e-05, momentum=0.1, affine=True, track_running_stats=True)
    (relu_1): ReLU()
    (conv2d_2): Conv2d(128, 128, kernel_size=(3, 3), stride=(1, 1))
  )
  (conv4): Conv2d(64, 256, kernel_size=(1, 1), stride=(2, 2))
  (dropout): Dropout2d(p=0.5, inplace=False)
  (relu): ReLU()
  (fc_feature): Linear(in_features=3, out_features=1, bias=True)
  (fc): Linear(in_features=6272, out_features=1, bias=True)
)
nParams=	336709
>>>>>>>>>> Evaluating
	 - train set
	 - test set
	 Round: 0 |Train Loss: 3.07023 |Train RMSE: 1.74276 |Eval-train Time: 55.681
	 -----: 0 |Test  Loss: 3.53071 |Test  RMSE: 1.66125 |Eval-test  Time: 24.018
	 -----: Time: 82.123
	 -----: Total Time: 82.123
Round: 0 |Train Time: 1.025
>>>>>>>>>> Evaluating
	 - train set
	 - test set
	 Round: 41 |Train Loss: 0.05623 |Train RMSE: 0.23473 |Eval-train Time: 55.805
	 -----: 41 |Test  Loss: 0.06846 |Test  RMSE: 0.23652 |Eval-test  Time: 23.957
	 -----: Time: 121.789
	 -----: Total Time: 203.912
>>>>>>>>>> Evaluating
	 - train set
	 - test set
	 Round: 81 |Train Loss: 0.03363 |Train RMSE: 0.18137 |Eval-train Time: 56.268
	 -----: 81 |Test  Loss: 0.04207 |Test  RMSE: 0.18424 |Eval-test  Time: 24.129
	 -----: Time: 120.664
	 -----: Total Time: 324.576
Round: 100 |Train Time: 260.533
>>>>>>>>>> Evaluating
	 - train set
	 - test set
	 Round: 121 |Train Loss: 0.02287 |Train RMSE: 0.14931 |Eval-train Time: 56.392
	 -----: 121 |Test  Loss: 0.02834 |Test  RMSE: 0.15089 |Eval-test  Time: 23.989
	 -----: Time: 120.431
	 -----: Total Time: 445.008
>>>>>>>>>> Evaluating
	 - train set
	 - test set
	 Round: 161 |Train Loss: 0.01775 |Train RMSE: 0.13161 |Eval-train Time: 55.945
	 -----: 161 |Test  Loss: 0.02133 |Test  RMSE: 0.13037 |Eval-test  Time: 23.852
	 -----: Time: 120.040
	 -----: Total Time: 565.048
Round: 200 |Train Time: 260.483
>>>>>>>>>> Evaluating
	 - train set
	 - test set
	 Round: 201 |Train Loss: 0.01571 |Train RMSE: 0.12374 |Eval-train Time: 56.317
	 -----: 201 |Test  Loss: 0.01822 |Test  RMSE: 0.11990 |Eval-test  Time: 24.095
	 -----: Time: 120.564
	 -----: Total Time: 685.612
>>>>>>>>>> Evaluating
	 - train set
	 - test set
	 Round: 241 |Train Loss: 0.01320 |Train RMSE: 0.11308 |Eval-train Time: 55.706
	 -----: 241 |Test  Loss: 0.01497 |Test  RMSE: 0.10792 |Eval-test  Time: 24.130
	 -----: Time: 119.836
	 -----: Total Time: 805.448
>>>>>>>>>> Evaluating
	 - train set
	 - test set
	 Round: 281 |Train Loss: 0.01163 |Train RMSE: 0.10595 |Eval-train Time: 56.205
	 -----: 281 |Test  Loss: 0.01294 |Test  RMSE: 0.09954 |Eval-test  Time: 24.158
	 -----: Time: 120.671
	 -----: Total Time: 926.119
Round: 300 |Train Time: 341.220
>>>>>>>>>> Evaluating
	 - train set
	 - test set
	 Round: 321 |Train Loss: 0.01077 |Train RMSE: 0.10189 |Eval-train Time: 56.350
	 -----: 321 |Test  Loss: 0.01193 |Test  RMSE: 0.09498 |Eval-test  Time: 24.093
	 -----: Time: 120.896
	 -----: Total Time: 1047.015
>>>>>>>>>> Evaluating
	 - train set
	 - test set
	 Round: 361 |Train Loss: 0.01043 |Train RMSE: 0.10028 |Eval-train Time: 55.754
	 -----: 361 |Test  Loss: 0.01144 |Test  RMSE: 0.09264 |Eval-test  Time: 24.283
	 -----: Time: 120.627
	 -----: Total Time: 1167.642
Round: 400 |Train Time: 261.291
>>>>>>>>>> Evaluating
	 - train set
	 - test set
	 Round: 401 |Train Loss: 0.01042 |Train RMSE: 0.10029 |Eval-train Time: 56.033
	 -----: 401 |Test  Loss: 0.01124 |Test  RMSE: 0.09175 |Eval-test  Time: 23.945
	 -----: Time: 120.097
	 -----: Total Time: 1287.738
>>>>>>>>>> Evaluating
	 - train set
	 - test set
	 Round: 441 |Train Loss: 0.01015 |Train RMSE: 0.09893 |Eval-train Time: 56.123
	 -----: 441 |Test  Loss: 0.01085 |Test  RMSE: 0.08997 |Eval-test  Time: 24.007
	 -----: Time: 120.279
	 -----: Total Time: 1408.017
>>>>>>>>>> Evaluating
	 - train set
	 - test set
	 Round: 481 |Train Loss: 0.01007 |Train RMSE: 0.09842 |Eval-train Time: 55.958
	 -----: 481 |Test  Loss: 0.01073 |Test  RMSE: 0.08954 |Eval-test  Time: 23.985
	 -----: Time: 120.462
	 -----: Total Time: 1528.479
Round: 500 |Train Time: 340.610
>>>>>>>>>> Evaluating
	 - train set
	 - test set
	 Round: 521 |Train Loss: 0.00971 |Train RMSE: 0.09678 |Eval-train Time: 56.039
	 -----: 521 |Test  Loss: 0.01033 |Test  RMSE: 0.08750 |Eval-test  Time: 23.839
	 -----: Time: 119.783
	 -----: Total Time: 1648.262
>>>>>>>>>> Evaluating
	 - train set
	 - test set
	 Round: 561 |Train Loss: 0.00952 |Train RMSE: 0.09565 |Eval-train Time: 55.702
	 -----: 561 |Test  Loss: 0.01012 |Test  RMSE: 0.08644 |Eval-test  Time: 24.121
	 -----: Time: 119.721
	 -----: Total Time: 1767.983
Round: 600 |Train Time: 259.900
>>>>>>>>>> Evaluating
	 - train set
	 - test set
	 Round: 601 |Train Loss: 0.00949 |Train RMSE: 0.09544 |Eval-train Time: 55.902
	 -----: 601 |Test  Loss: 0.01010 |Test  RMSE: 0.08634 |Eval-test  Time: 24.011
	 -----: Time: 120.149
	 -----: Total Time: 1888.132
>>>>>>>>>> Evaluating
	 - train set
	 - test set
	 Round: 641 |Train Loss: 0.00944 |Train RMSE: 0.09520 |Eval-train Time: 55.571
	 -----: 641 |Test  Loss: 0.01002 |Test  RMSE: 0.08601 |Eval-test  Time: 23.962
	 -----: Time: 119.548
	 -----: Total Time: 2007.680
>>>>>>>>>> Evaluating
	 - train set
	 - test set
	 Round: 681 |Train Loss: 0.00941 |Train RMSE: 0.09497 |Eval-train Time: 55.979
	 -----: 681 |Test  Loss: 0.00999 |Test  RMSE: 0.08589 |Eval-test  Time: 23.836
	 -----: Time: 119.791
	 -----: Total Time: 2127.471
Round: 700 |Train Time: 339.172
>>>>>>>>>> Evaluating
	 - train set
	 - test set
	 Round: 721 |Train Loss: 0.00927 |Train RMSE: 0.09439 |Eval-train Time: 55.702
	 -----: 721 |Test  Loss: 0.00984 |Test  RMSE: 0.08506 |Eval-test  Time: 23.887
	 -----: Time: 119.538
	 -----: Total Time: 2247.009
>>>>>>>>>> Evaluating
	 - train set
	 - test set
	 Round: 761 |Train Loss: 0.00911 |Train RMSE: 0.09346 |Eval-train Time: 55.710
	 -----: 761 |Test  Loss: 0.00966 |Test  RMSE: 0.08404 |Eval-test  Time: 23.888
	 -----: Time: 119.702
	 -----: Total Time: 2366.711
Round: 800 |Train Time: 259.432
>>>>>>>>>> Evaluating
	 - train set
	 - test set
	 Round: 801 |Train Loss: 0.00888 |Train RMSE: 0.09213 |Eval-train Time: 55.998
	 -----: 801 |Test  Loss: 0.00943 |Test  RMSE: 0.08266 |Eval-test  Time: 24.017
	 -----: Time: 120.162
	 -----: Total Time: 2486.873
>>>>>>>>>> Evaluating
	 - train set
	 - test set
	 Round: 841 |Train Loss: 0.00865 |Train RMSE: 0.09092 |Eval-train Time: 56.168
	 -----: 841 |Test  Loss: 0.00918 |Test  RMSE: 0.08119 |Eval-test  Time: 23.948
	 -----: Time: 120.416
	 -----: Total Time: 2607.289
>>>>>>>>>> Evaluating
	 - train set
	 - test set
	 Round: 881 |Train Loss: 0.00850 |Train RMSE: 0.09010 |Eval-train Time: 56.030
	 -----: 881 |Test  Loss: 0.00903 |Test  RMSE: 0.08028 |Eval-test  Time: 24.197
	 -----: Time: 120.099
	 -----: Total Time: 2727.388
Round: 900 |Train Time: 340.929
>>>>>>>>>> Evaluating
	 - train set
	 - test set
	 Round: 921 |Train Loss: 0.00836 |Train RMSE: 0.08910 |Eval-train Time: 55.819
	 -----: 921 |Test  Loss: 0.00888 |Test  RMSE: 0.07935 |Eval-test  Time: 23.981
	 -----: Time: 120.259
	 -----: Total Time: 2847.647
>>>>>>>>>> Evaluating
	 - train set
	 - test set
	 Round: 961 |Train Loss: 0.00818 |Train RMSE: 0.08839 |Eval-train Time: 55.689
	 -----: 961 |Test  Loss: 0.00871 |Test  RMSE: 0.07821 |Eval-test  Time: 23.922
	 -----: Time: 119.785
	 -----: Total Time: 2967.433
>>>>>>>>>> Evaluating
	 - train set
	 - test set
	 Round: 1000 |Train Loss: 0.00818 |Train RMSE: 0.08821 |Eval-train Time: 56.058
	 -----: 1000 |Test  Loss: 0.00871 |Test  RMSE: 0.07821 |Eval-test  Time: 23.780
	 -----: Time: 118.087
	 -----: Total Time: 3085.519
