vanet
/csehome/m23cse013/.conda/envs/biasens/bin/python
Python executable: /csehome/m23cse013/.conda/envs/biasens/bin/python
Python from sys.executable:
/csehome/m23cse013/.conda/envs/biasens/bin/python
Package                  Version
------------------------ -----------
absl-py                  2.1.0
Brotli                   1.1.0
cachetools               5.5.0
certifi                  2024.8.30
cffi                     1.17.0
charset-normalizer       3.3.2
click                    8.1.7
conda-pack               0.8.0
contourpy                1.1.1
cycler                   0.12.1
docker-pycreds           0.4.0
filelock                 3.16.1
fonttools                4.54.1
fsspec                   2024.9.0
gitdb                    4.0.11
GitPython                3.1.43
google-auth              2.34.0
google-auth-oauthlib     0.4.6
grpcio                   1.66.1
h2                       4.1.0
hpack                    4.0.0
hyperframe               6.0.1
idna                     3.8
importlib_metadata       8.4.0
importlib_resources      6.4.5
Jinja2                   3.1.4
joblib                   1.4.2
kiwisolver               1.4.7
Markdown                 3.7
MarkupSafe               2.1.5
matplotlib               3.7.5
mpmath                   1.3.0
networkx                 3.1
numpy                    1.24.4
nvidia-cublas-cu12       12.1.3.1
nvidia-cuda-cupti-cu12   12.1.105
nvidia-cuda-nvrtc-cu12   12.1.105
nvidia-cuda-runtime-cu12 12.1.105
nvidia-cudnn-cu12        9.1.0.70
nvidia-cufft-cu12        11.0.2.54
nvidia-curand-cu12       10.3.2.106
nvidia-cusolver-cu12     11.4.5.107
nvidia-cusparse-cu12     12.1.0.106
nvidia-nccl-cu12         2.20.5
nvidia-nvjitlink-cu12    12.6.68
nvidia-nvtx-cu12         12.1.105
oauthlib                 3.2.2
olefile                  0.47
packaging                24.1
pathtools                0.1.2
pillow                   10.4.0
pip                      24.2
promise                  2.3
protobuf                 3.19.6
psutil                   6.0.0
pyasn1                   0.6.0
pyasn1_modules           0.4.0
pycparser                2.22
pyparsing                3.1.4
PySocks                  1.7.1
python-dateutil          2.9.0.post0
PyYAML                   6.0.2
requests                 2.32.3
requests-oauthlib        2.0.0
rsa                      4.9
scikit-learn             1.1.2
scipy                    1.9.1
sentry-sdk               2.13.0
setproctitle             1.3.3
setuptools               72.1.0
shortuuid                1.0.13
six                      1.16.0
smmap                    5.0.1
sympy                    1.13.3
tensorboard              2.10.0
tensorboard-data-server  0.6.1
tensorboard-plugin-wit   1.8.1
tensorboardX             2.5.1
threadpoolctl            3.5.0
torch                    2.4.1
torchaudio               0.12.1
torchcam                 0.4.0
torchvision              0.13.1
tqdm                     4.64.0
triton                   3.0.0
typing_extensions        4.12.2
urllib3                  2.2.2
wandb                    0.13.2
Werkzeug                 3.0.4
wheel                    0.43.0
zipp                     3.20.1
zstandard                0.19.0
/var/spool/slurmd/job18942/slurm_script: line 35: nvcc: command not found
Sat Oct 26 13:37:01 2024       
+---------------------------------------------------------------------------------------+
| NVIDIA-SMI 535.129.03             Driver Version: 535.129.03   CUDA Version: 12.2     |
|-----------------------------------------+----------------------+----------------------+
| GPU  Name                 Persistence-M | Bus-Id        Disp.A | Volatile Uncorr. ECC |
| Fan  Temp   Perf          Pwr:Usage/Cap |         Memory-Usage | GPU-Util  Compute M. |
|                                         |                      |               MIG M. |
|=========================================+======================+======================|
|   0  NVIDIA A30                     Off | 00000000:B1:00.0 Off |                    0 |
| N/A   34C    P0              29W / 165W |      4MiB / 24576MiB |     17%      Default |
|                                         |                      |             Disabled |
+-----------------------------------------+----------------------+----------------------+
                                                                                         
+---------------------------------------------------------------------------------------+
| Processes:                                                                            |
|  GPU   GI   CI        PID   Type   Process name                            GPU Memory |
|        ID   ID                                                             Usage      |
|=======================================================================================|
|  No running processes found                                                           |
+---------------------------------------------------------------------------------------+
################
gaia
Traceback (most recent call last):
  File "generate_networks.py", line 7, in <module>
    from utils.utils import get_connectivity_graph, add_upload_download_delays, get_delta_mbst_overlay,\
  File "/csehome/m23cse013/VANET_DFL/FADNet/graph_utils/utils/utils.py", line 12, in <module>
    from .matcha import RandomTopologyGenerator
  File "/csehome/m23cse013/VANET_DFL/FADNet/graph_utils/utils/matcha.py", line 4, in <module>
    import cvxpy as cp
ModuleNotFoundError: No module named 'cvxpy'
################
amazon_us
Traceback (most recent call last):
  File "generate_networks.py", line 7, in <module>
    from utils.utils import get_connectivity_graph, add_upload_download_delays, get_delta_mbst_overlay,\
  File "/csehome/m23cse013/VANET_DFL/FADNet/graph_utils/utils/utils.py", line 12, in <module>
    from .matcha import RandomTopologyGenerator
  File "/csehome/m23cse013/VANET_DFL/FADNet/graph_utils/utils/matcha.py", line 4, in <module>
    import cvxpy as cp
ModuleNotFoundError: No module named 'cvxpy'
